{"/home/st111/ChallengeZoneBackend/src/server.ts": {"path":"/home/st111/ChallengeZoneBackend/src/server.ts","statementMap":{"0":{"start":{"line":1,"column":0},"end":{"line":1,"column":40}},"1":{"start":{"line":2,"column":12},"end":{"line":2,"column":21}},"2":{"start":{"line":3,"column":0},"end":{"line":3,"column":27}},"3":{"start":{"line":4,"column":0},"end":{"line":4,"column":16}},"4":{"start":{"line":5,"column":0},"end":{"line":5,"column":32}},"5":{"start":{"line":6,"column":0},"end":{"line":6,"column":45}},"6":{"start":{"line":7,"column":0},"end":{"line":7,"column":51}},"7":{"start":{"line":8,"column":0},"end":{"line":8,"column":45}},"8":{"start":{"line":9,"column":0},"end":{"line":9,"column":45}},"9":{"start":{"line":10,"column":0},"end":{"line":10,"column":37}},"10":{"start":{"line":11,"column":0},"end":{"line":11,"column":41}},"11":{"start":{"line":12,"column":0},"end":{"line":12,"column":43}},"12":{"start":{"line":13,"column":0},"end":{"line":13,"column":44}},"13":{"start":{"line":14,"column":0},"end":{"line":14,"column":46}},"14":{"start":{"line":17,"column":0},"end":{"line":17,"column":27}},"15":{"start":{"line":18,"column":0},"end":{"line":18,"column":49}},"16":{"start":{"line":19,"column":0},"end":{"line":24,"column":3}},"17":{"start":{"line":20,"column":2},"end":{"line":20,"column":49}},"18":{"start":{"line":21,"column":2},"end":{"line":21,"column":50}},"19":{"start":{"line":22,"column":2},"end":{"line":22,"column":50}},"20":{"start":{"line":23,"column":2},"end":{"line":23,"column":9}},"21":{"start":{"line":25,"column":0},"end":{"line":25,"column":null}},"22":{"start":{"line":26,"column":0},"end":{"line":26,"column":null}},"23":{"start":{"line":27,"column":0},"end":{"line":27,"column":null}},"24":{"start":{"line":28,"column":0},"end":{"line":28,"column":null}},"25":{"start":{"line":29,"column":0},"end":{"line":29,"column":28}},"26":{"start":{"line":30,"column":0},"end":{"line":30,"column":27}},"27":{"start":{"line":31,"column":0},"end":{"line":31,"column":45}},"28":{"start":{"line":32,"column":0},"end":{"line":32,"column":47}},"29":{"start":{"line":33,"column":0},"end":{"line":33,"column":33}},"30":{"start":{"line":35,"column":11},"end":{"line":35,"column":30}},"31":{"start":{"line":36,"column":0},"end":{"line":36,"column":64}},"32":{"start":{"line":37,"column":0},"end":{"line":39,"column":null}},"33":{"start":{"line":38,"column":4},"end":{"line":38,"column":45}},"34":{"start":{"line":41,"column":16},"end":{"line":52,"column":4}},"35":{"start":{"line":53,"column":16},"end":{"line":53,"column":37}},"36":{"start":{"line":54,"column":2},"end":{"line":54,"column":64}},"37":{"start":{"line":56,"column":16},"end":{"line":69,"column":1}},"38":{"start":{"line":57,"column":4},"end":{"line":68,"column":null}},"39":{"start":{"line":58,"column":8},"end":{"line":67,"column":8}},"40":{"start":{"line":59,"column":8},"end":{"line":59,"column":null}},"41":{"start":{"line":60,"column":8},"end":{"line":60,"column":57}},"42":{"start":{"line":62,"column":8},"end":{"line":66,"column":13}},"43":{"start":{"line":63,"column":12},"end":{"line":63,"column":null}},"44":{"start":{"line":65,"column":12},"end":{"line":65,"column":26}},"45":{"start":{"line":71,"column":0},"end":{"line":71,"column":null}}},"fnMap":{"0":{"name":"(anonymous_1)","decl":{"start":{"line":19,"column":8},"end":{"line":19,"column":9}},"loc":{"start":{"line":19,"column":27},"end":{"line":24,"column":1}}},"1":{"name":"(anonymous_2)","decl":{"start":{"line":37,"column":15},"end":{"line":37,"column":null}},"loc":{"start":{"line":37,"column":15},"end":{"line":39,"column":1}}},"2":{"name":"(anonymous_3)","decl":{"start":{"line":56,"column":16},"end":{"line":56,"column":19}},"loc":{"start":{"line":56,"column":21},"end":{"line":69,"column":1}}},"3":{"name":"(anonymous_4)","decl":{"start":{"line":57,"column":33},"end":{"line":57,"column":34}},"loc":{"start":{"line":57,"column":52},"end":{"line":68,"column":5}}},"4":{"name":"(anonymous_5)","decl":{"start":{"line":62,"column":54},"end":{"line":62,"column":56}},"loc":{"start":{"line":62,"column":58},"end":{"line":64,"column":9}}},"5":{"name":"(anonymous_6)","decl":{"start":{"line":64,"column":17},"end":{"line":64,"column":18}},"loc":{"start":{"line":64,"column":27},"end":{"line":66,"column":11}}}},"branchMap":{"0":{"loc":{"start":{"line":58,"column":8},"end":{"line":67,"column":8}},"type":"if","locations":[{"start":{"line":58,"column":8},"end":{"line":67,"column":8}},{"start":{"line":61,"column":11},"end":{"line":67,"column":8}}]}},"s":{"0":4,"1":4,"2":4,"3":4,"4":4,"5":4,"6":4,"7":4,"8":4,"9":4,"10":4,"11":4,"12":4,"13":4,"14":4,"15":4,"16":4,"17":45,"18":45,"19":45,"20":45,"21":4,"22":4,"23":4,"24":4,"25":4,"26":4,"27":4,"28":4,"29":4,"30":4,"31":4,"32":4,"33":4,"34":4,"35":4,"36":4,"37":4,"38":4,"39":4,"40":0,"41":0,"42":4,"43":4,"44":0,"45":4},"f":{"0":45,"1":4,"2":4,"3":4,"4":4,"5":0},"b":{"0":[0,4]}}
,"/home/st111/ChallengeZoneBackend/src/controllers/auth_controller.ts": {"path":"/home/st111/ChallengeZoneBackend/src/controllers/auth_controller.ts","statementMap":{"0":{"start":{"line":2,"column":8},"end":{"line":2,"column":62}},"1":{"start":{"line":3,"column":8},"end":{"line":3,"column":36}},"2":{"start":{"line":4,"column":8},"end":{"line":4,"column":39}},"3":{"start":{"line":6,"column":8},"end":{"line":6,"column":59}},"4":{"start":{"line":10,"column":23},"end":{"line":10,"column":41}},"5":{"start":{"line":11,"column":29},"end":{"line":32,"column":null}},"6":{"start":{"line":11,"column":67},"end":{"line":32,"column":null}},"7":{"start":{"line":12,"column":12},"end":{"line":12,"column":null}},"8":{"start":{"line":13,"column":12},"end":{"line":31,"column":12}},"9":{"start":{"line":14,"column":31},"end":{"line":17,"column":18}},"10":{"start":{"line":18,"column":32},"end":{"line":18,"column":51}},"11":{"start":{"line":19,"column":30},"end":{"line":19,"column":44}},"12":{"start":{"line":20,"column":16},"end":{"line":27,"column":17}},"13":{"start":{"line":21,"column":31},"end":{"line":21,"column":77}},"14":{"start":{"line":22,"column":20},"end":{"line":24,"column":21}},"15":{"start":{"line":23,"column":24},"end":{"line":23,"column":136}},"16":{"start":{"line":25,"column":35},"end":{"line":25,"column":67}},"17":{"start":{"line":26,"column":20},"end":{"line":26,"column":115}},"18":{"start":{"line":29,"column":16},"end":{"line":29,"column":null}},"19":{"start":{"line":30,"column":16},"end":{"line":30,"column":80}},"20":{"start":{"line":34,"column":37},"end":{"line":44,"column":null}},"21":{"start":{"line":34,"column":70},"end":{"line":44,"column":null}},"22":{"start":{"line":35,"column":32},"end":{"line":35,"column":144}},"23":{"start":{"line":36,"column":33},"end":{"line":36,"column":102}},"24":{"start":{"line":37,"column":12},"end":{"line":41,"column":13}},"25":{"start":{"line":38,"column":16},"end":{"line":38,"column":52}},"26":{"start":{"line":40,"column":16},"end":{"line":40,"column":54}},"27":{"start":{"line":42,"column":12},"end":{"line":42,"column":30}},"28":{"start":{"line":43,"column":12},"end":{"line":43,"column":78}},"29":{"start":{"line":45,"column":25},"end":{"line":67,"column":10}},"30":{"start":{"line":45,"column":63},"end":{"line":67,"column":10}},"31":{"start":{"line":46,"column":29},"end":{"line":46,"column":46}},"32":{"start":{"line":47,"column":29},"end":{"line":47,"column":46}},"33":{"start":{"line":48,"column":12},"end":{"line":51,"column":13}},"34":{"start":{"line":49,"column":16},"end":{"line":49,"column":75}},"35":{"start":{"line":50,"column":16},"end":{"line":50,"column":23}},"36":{"start":{"line":52,"column":33},"end":{"line":52,"column":80}},"37":{"start":{"line":53,"column":12},"end":{"line":56,"column":13}},"38":{"start":{"line":54,"column":16},"end":{"line":54,"column":82}},"39":{"start":{"line":55,"column":16},"end":{"line":55,"column":23}},"40":{"start":{"line":57,"column":12},"end":{"line":66,"column":13}},"41":{"start":{"line":58,"column":29},"end":{"line":58,"column":53}},"42":{"start":{"line":59,"column":39},"end":{"line":59,"column":72}},"43":{"start":{"line":60,"column":16},"end":{"line":60,"column":104}},"44":{"start":{"line":60,"column":38},"end":{"line":60,"column":104}},"45":{"start":{"line":62,"column":32},"end":{"line":62,"column":151}},"46":{"start":{"line":63,"column":20},"end":{"line":63,"column":50}},"47":{"start":{"line":65,"column":16},"end":{"line":65,"column":44}},"48":{"start":{"line":69,"column":31},"end":{"line":85,"column":9}},"49":{"start":{"line":70,"column":12},"end":{"line":72,"column":13}},"50":{"start":{"line":71,"column":16},"end":{"line":71,"column":28}},"51":{"start":{"line":73,"column":25},"end":{"line":73,"column":38}},"52":{"start":{"line":74,"column":32},"end":{"line":77,"column":null}},"53":{"start":{"line":79,"column":33},"end":{"line":82,"column":null}},"54":{"start":{"line":84,"column":12},"end":{"line":84,"column":76}},"55":{"start":{"line":87,"column":22},"end":{"line":125,"column":10}},"56":{"start":{"line":87,"column":60},"end":{"line":125,"column":10}},"57":{"start":{"line":88,"column":29},"end":{"line":88,"column":46}},"58":{"start":{"line":89,"column":29},"end":{"line":89,"column":46}},"59":{"start":{"line":90,"column":12},"end":{"line":93,"column":13}},"60":{"start":{"line":91,"column":16},"end":{"line":91,"column":67}},"61":{"start":{"line":92,"column":16},"end":{"line":92,"column":23}},"62":{"start":{"line":94,"column":12},"end":{"line":124,"column":13}},"63":{"start":{"line":95,"column":29},"end":{"line":95,"column":76}},"64":{"start":{"line":96,"column":16},"end":{"line":99,"column":17}},"65":{"start":{"line":97,"column":20},"end":{"line":97,"column":59}},"66":{"start":{"line":98,"column":20},"end":{"line":98,"column":27}},"67":{"start":{"line":100,"column":38},"end":{"line":100,"column":83}},"68":{"start":{"line":101,"column":16},"end":{"line":104,"column":17}},"69":{"start":{"line":102,"column":20},"end":{"line":102,"column":73}},"70":{"start":{"line":103,"column":20},"end":{"line":103,"column":27}},"71":{"start":{"line":105,"column":39},"end":{"line":105,"column":58}},"72":{"start":{"line":106,"column":31},"end":{"line":106,"column":53}},"73":{"start":{"line":107,"column":16},"end":{"line":110,"column":17}},"74":{"start":{"line":108,"column":20},"end":{"line":108,"column":71}},"75":{"start":{"line":109,"column":20},"end":{"line":109,"column":27}},"76":{"start":{"line":111,"column":16},"end":{"line":113,"column":17}},"77":{"start":{"line":112,"column":20},"end":{"line":112,"column":44}},"78":{"start":{"line":114,"column":16},"end":{"line":114,"column":61}},"79":{"start":{"line":115,"column":16},"end":{"line":115,"column":34}},"80":{"start":{"line":116,"column":16},"end":{"line":121,"column":19}},"81":{"start":{"line":123,"column":16},"end":{"line":123,"column":68}},"82":{"start":{"line":127,"column":23},"end":{"line":162,"column":10}},"83":{"start":{"line":127,"column":61},"end":{"line":162,"column":10}},"84":{"start":{"line":128,"column":33},"end":{"line":128,"column":54}},"85":{"start":{"line":129,"column":12},"end":{"line":132,"column":13}},"86":{"start":{"line":130,"column":16},"end":{"line":130,"column":66}},"87":{"start":{"line":131,"column":16},"end":{"line":131,"column":23}},"88":{"start":{"line":133,"column":12},"end":{"line":136,"column":13}},"89":{"start":{"line":134,"column":16},"end":{"line":134,"column":54}},"90":{"start":{"line":135,"column":16},"end":{"line":135,"column":23}},"91":{"start":{"line":137,"column":12},"end":{"line":161,"column":15}},"92":{"start":{"line":137,"column":93},"end":{"line":161,"column":14}},"93":{"start":{"line":138,"column":16},"end":{"line":141,"column":17}},"94":{"start":{"line":139,"column":20},"end":{"line":139,"column":58}},"95":{"start":{"line":140,"column":20},"end":{"line":140,"column":27}},"96":{"start":{"line":142,"column":32},"end":{"line":142,"column":52}},"97":{"start":{"line":143,"column":16},"end":{"line":160,"column":17}},"98":{"start":{"line":144,"column":33},"end":{"line":144,"column":78}},"99":{"start":{"line":145,"column":20},"end":{"line":148,"column":21}},"100":{"start":{"line":146,"column":24},"end":{"line":146,"column":62}},"101":{"start":{"line":147,"column":24},"end":{"line":147,"column":31}},"102":{"start":{"line":149,"column":20},"end":{"line":154,"column":21}},"103":{"start":{"line":150,"column":24},"end":{"line":150,"column":62}},"104":{"start":{"line":151,"column":24},"end":{"line":151,"column":48}},"105":{"start":{"line":152,"column":24},"end":{"line":152,"column":42}},"106":{"start":{"line":153,"column":24},"end":{"line":153,"column":31}},"107":{"start":{"line":155,"column":20},"end":{"line":155,"column":102}},"108":{"start":{"line":155,"column":78},"end":{"line":155,"column":100}},"109":{"start":{"line":156,"column":20},"end":{"line":156,"column":38}},"110":{"start":{"line":157,"column":20},"end":{"line":157,"column":62}},"111":{"start":{"line":159,"column":20},"end":{"line":159,"column":58}},"112":{"start":{"line":164,"column":24},"end":{"line":212,"column":10}},"113":{"start":{"line":164,"column":62},"end":{"line":212,"column":10}},"114":{"start":{"line":166,"column":33},"end":{"line":166,"column":54}},"115":{"start":{"line":167,"column":12},"end":{"line":170,"column":13}},"116":{"start":{"line":168,"column":16},"end":{"line":168,"column":62}},"117":{"start":{"line":169,"column":16},"end":{"line":169,"column":23}},"118":{"start":{"line":171,"column":12},"end":{"line":174,"column":13}},"119":{"start":{"line":172,"column":16},"end":{"line":172,"column":67}},"120":{"start":{"line":173,"column":16},"end":{"line":173,"column":23}},"121":{"start":{"line":175,"column":12},"end":{"line":211,"column":15}},"122":{"start":{"line":175,"column":93},"end":{"line":211,"column":14}},"123":{"start":{"line":176,"column":16},"end":{"line":179,"column":17}},"124":{"start":{"line":177,"column":20},"end":{"line":177,"column":58}},"125":{"start":{"line":178,"column":20},"end":{"line":178,"column":27}},"126":{"start":{"line":180,"column":32},"end":{"line":180,"column":52}},"127":{"start":{"line":181,"column":16},"end":{"line":210,"column":17}},"128":{"start":{"line":182,"column":33},"end":{"line":182,"column":78}},"129":{"start":{"line":183,"column":20},"end":{"line":186,"column":21}},"130":{"start":{"line":184,"column":24},"end":{"line":184,"column":62}},"131":{"start":{"line":185,"column":24},"end":{"line":185,"column":31}},"132":{"start":{"line":187,"column":20},"end":{"line":192,"column":21}},"133":{"start":{"line":188,"column":24},"end":{"line":188,"column":48}},"134":{"start":{"line":189,"column":24},"end":{"line":189,"column":42}},"135":{"start":{"line":190,"column":24},"end":{"line":190,"column":62}},"136":{"start":{"line":191,"column":24},"end":{"line":191,"column":31}},"137":{"start":{"line":193,"column":38},"end":{"line":193,"column":73}},"138":{"start":{"line":194,"column":20},"end":{"line":199,"column":21}},"139":{"start":{"line":195,"column":24},"end":{"line":195,"column":48}},"140":{"start":{"line":196,"column":24},"end":{"line":196,"column":42}},"141":{"start":{"line":197,"column":24},"end":{"line":197,"column":75}},"142":{"start":{"line":198,"column":24},"end":{"line":198,"column":31}},"143":{"start":{"line":200,"column":20},"end":{"line":200,"column":102}},"144":{"start":{"line":200,"column":78},"end":{"line":200,"column":100}},"145":{"start":{"line":201,"column":20},"end":{"line":201,"column":68}},"146":{"start":{"line":202,"column":20},"end":{"line":202,"column":38}},"147":{"start":{"line":203,"column":20},"end":{"line":207,"column":23}},"148":{"start":{"line":209,"column":20},"end":{"line":209,"column":58}},"149":{"start":{"line":218,"column":38},"end":{"line":242,"column":9}},"150":{"start":{"line":219,"column":12},"end":{"line":241,"column":13}},"151":{"start":{"line":220,"column":35},"end":{"line":220,"column":63}},"152":{"start":{"line":221,"column":30},"end":{"line":221,"column":68}},"153":{"start":{"line":222,"column":16},"end":{"line":225,"column":17}},"154":{"start":{"line":223,"column":20},"end":{"line":223,"column":58}},"155":{"start":{"line":224,"column":20},"end":{"line":224,"column":27}},"156":{"start":{"line":226,"column":16},"end":{"line":229,"column":17}},"157":{"start":{"line":227,"column":20},"end":{"line":227,"column":71}},"158":{"start":{"line":228,"column":20},"end":{"line":228,"column":27}},"159":{"start":{"line":230,"column":16},"end":{"line":238,"column":19}},"160":{"start":{"line":231,"column":20},"end":{"line":234,"column":21}},"161":{"start":{"line":232,"column":24},"end":{"line":232,"column":62}},"162":{"start":{"line":233,"column":24},"end":{"line":233,"column":31}},"163":{"start":{"line":235,"column":36},"end":{"line":235,"column":56}},"164":{"start":{"line":236,"column":20},"end":{"line":236,"column":51}},"165":{"start":{"line":237,"column":20},"end":{"line":237,"column":27}},"166":{"start":{"line":240,"column":16},"end":{"line":240,"column":81}},"167":{"start":{"line":218,"column":21},"end":{"line":218,"column":38}},"168":{"start":{"line":244,"column":8},"end":{"line":244,"column":74}}},"fnMap":{"0":{"name":"(anonymous_8)","decl":{"start":{"line":11,"column":29},"end":{"line":11,"column":36}},"loc":{"start":{"line":11,"column":67},"end":{"line":32,"column":null}}},"1":{"name":"(anonymous_9)","decl":{"start":{"line":11,"column":67},"end":{"line":11,"column":null}},"loc":{"start":{"line":11,"column":67},"end":{"line":32,"column":9}}},"2":{"name":"(anonymous_10)","decl":{"start":{"line":34,"column":37},"end":{"line":34,"column":44}},"loc":{"start":{"line":34,"column":70},"end":{"line":44,"column":null}}},"3":{"name":"(anonymous_11)","decl":{"start":{"line":34,"column":70},"end":{"line":34,"column":null}},"loc":{"start":{"line":34,"column":70},"end":{"line":44,"column":9}}},"4":{"name":"(anonymous_12)","decl":{"start":{"line":45,"column":25},"end":{"line":45,"column":32}},"loc":{"start":{"line":45,"column":63},"end":{"line":67,"column":10}}},"5":{"name":"(anonymous_13)","decl":{"start":{"line":45,"column":63},"end":{"line":45,"column":null}},"loc":{"start":{"line":45,"column":63},"end":{"line":67,"column":9}}},"6":{"name":"(anonymous_14)","decl":{"start":{"line":69,"column":31},"end":{"line":69,"column":32}},"loc":{"start":{"line":69,"column":101},"end":{"line":85,"column":9}}},"7":{"name":"(anonymous_15)","decl":{"start":{"line":87,"column":22},"end":{"line":87,"column":29}},"loc":{"start":{"line":87,"column":60},"end":{"line":125,"column":10}}},"8":{"name":"(anonymous_16)","decl":{"start":{"line":87,"column":60},"end":{"line":87,"column":null}},"loc":{"start":{"line":87,"column":60},"end":{"line":125,"column":9}}},"9":{"name":"(anonymous_17)","decl":{"start":{"line":127,"column":23},"end":{"line":127,"column":30}},"loc":{"start":{"line":127,"column":61},"end":{"line":162,"column":10}}},"10":{"name":"(anonymous_18)","decl":{"start":{"line":127,"column":61},"end":{"line":127,"column":null}},"loc":{"start":{"line":127,"column":61},"end":{"line":162,"column":9}}},"11":{"name":"(anonymous_19)","decl":{"start":{"line":137,"column":63},"end":{"line":137,"column":70}},"loc":{"start":{"line":137,"column":93},"end":{"line":161,"column":14}}},"12":{"name":"(anonymous_20)","decl":{"start":{"line":137,"column":93},"end":{"line":137,"column":null}},"loc":{"start":{"line":137,"column":93},"end":{"line":161,"column":13}}},"13":{"name":"(anonymous_21)","decl":{"start":{"line":155,"column":67},"end":{"line":155,"column":68}},"loc":{"start":{"line":155,"column":78},"end":{"line":155,"column":100}}},"14":{"name":"(anonymous_22)","decl":{"start":{"line":164,"column":24},"end":{"line":164,"column":31}},"loc":{"start":{"line":164,"column":62},"end":{"line":212,"column":10}}},"15":{"name":"(anonymous_23)","decl":{"start":{"line":164,"column":62},"end":{"line":164,"column":null}},"loc":{"start":{"line":164,"column":62},"end":{"line":212,"column":9}}},"16":{"name":"(anonymous_24)","decl":{"start":{"line":175,"column":63},"end":{"line":175,"column":70}},"loc":{"start":{"line":175,"column":93},"end":{"line":211,"column":14}}},"17":{"name":"(anonymous_25)","decl":{"start":{"line":175,"column":93},"end":{"line":175,"column":null}},"loc":{"start":{"line":175,"column":93},"end":{"line":211,"column":13}}},"18":{"name":"(anonymous_26)","decl":{"start":{"line":200,"column":67},"end":{"line":200,"column":68}},"loc":{"start":{"line":200,"column":78},"end":{"line":200,"column":100}}},"19":{"name":"(anonymous_27)","decl":{"start":{"line":218,"column":38},"end":{"line":218,"column":39}},"loc":{"start":{"line":218,"column":90},"end":{"line":242,"column":9}}},"20":{"name":"(anonymous_28)","decl":{"start":{"line":230,"column":60},"end":{"line":230,"column":61}},"loc":{"start":{"line":230,"column":79},"end":{"line":238,"column":17}}}},"branchMap":{"0":{"loc":{"start":{"line":19,"column":30},"end":{"line":19,"column":44}},"type":"cond-expr","locations":[{"start":{"line":19,"column":37},"end":{"line":19,"column":39}},{"start":{"line":19,"column":30},"end":{"line":19,"column":44}}]},"1":{"loc":{"start":{"line":19,"column":30},"end":{"line":19,"column":39}},"type":"binary-expr","locations":[{"start":{"line":19,"column":30},"end":{"line":19,"column":39}},{"start":{"line":19,"column":30},"end":{"line":19,"column":39}}]},"2":{"loc":{"start":{"line":20,"column":16},"end":{"line":27,"column":17}},"type":"if","locations":[{"start":{"line":20,"column":16},"end":{"line":27,"column":17}}]},"3":{"loc":{"start":{"line":22,"column":20},"end":{"line":24,"column":21}},"type":"if","locations":[{"start":{"line":22,"column":20},"end":{"line":24,"column":21}}]},"4":{"loc":{"start":{"line":23,"column":116},"end":{"line":23,"column":132}},"type":"cond-expr","locations":[{"start":{"line":23,"column":123},"end":{"line":23,"column":125}},{"start":{"line":23,"column":116},"end":{"line":23,"column":132}}]},"5":{"loc":{"start":{"line":23,"column":116},"end":{"line":23,"column":125}},"type":"binary-expr","locations":[{"start":{"line":23,"column":116},"end":{"line":23,"column":125}},{"start":{"line":23,"column":116},"end":{"line":23,"column":125}}]},"6":{"loc":{"start":{"line":35,"column":58},"end":{"line":35,"column":100}},"type":"cond-expr","locations":[{"start":{"line":35,"column":94},"end":{"line":35,"column":98}},{"start":{"line":35,"column":98},"end":{"line":35,"column":100}}]},"7":{"loc":{"start":{"line":35,"column":58},"end":{"line":35,"column":98}},"type":"binary-expr","locations":[{"start":{"line":35,"column":58},"end":{"line":35,"column":98}},{"start":{"line":35,"column":94},"end":{"line":35,"column":98}}]},"8":{"loc":{"start":{"line":35,"column":58},"end":{"line":35,"column":94}},"type":"cond-expr","locations":[{"start":{"line":35,"column":82},"end":{"line":35,"column":84}},{"start":{"line":35,"column":82},"end":{"line":35,"column":94}}]},"9":{"loc":{"start":{"line":35,"column":58},"end":{"line":35,"column":84}},"type":"binary-expr","locations":[{"start":{"line":35,"column":58},"end":{"line":35,"column":84}},{"start":{"line":35,"column":82},"end":{"line":35,"column":84}}]},"10":{"loc":{"start":{"line":36,"column":59},"end":{"line":36,"column":101}},"type":"cond-expr","locations":[{"start":{"line":36,"column":95},"end":{"line":36,"column":99}},{"start":{"line":36,"column":99},"end":{"line":36,"column":101}}]},"11":{"loc":{"start":{"line":36,"column":59},"end":{"line":36,"column":99}},"type":"binary-expr","locations":[{"start":{"line":36,"column":59},"end":{"line":36,"column":99}},{"start":{"line":36,"column":95},"end":{"line":36,"column":99}}]},"12":{"loc":{"start":{"line":36,"column":59},"end":{"line":36,"column":95}},"type":"cond-expr","locations":[{"start":{"line":36,"column":83},"end":{"line":36,"column":85}},{"start":{"line":36,"column":83},"end":{"line":36,"column":95}}]},"13":{"loc":{"start":{"line":36,"column":59},"end":{"line":36,"column":85}},"type":"binary-expr","locations":[{"start":{"line":36,"column":59},"end":{"line":36,"column":85}},{"start":{"line":36,"column":83},"end":{"line":36,"column":85}}]},"14":{"loc":{"start":{"line":37,"column":12},"end":{"line":41,"column":13}},"type":"if","locations":[{"start":{"line":37,"column":12},"end":{"line":41,"column":13}},{"start":{"line":39,"column":17},"end":{"line":41,"column":13}}]},"15":{"loc":{"start":{"line":48,"column":12},"end":{"line":51,"column":13}},"type":"if","locations":[{"start":{"line":48,"column":12},"end":{"line":51,"column":13}}]},"16":{"loc":{"start":{"line":48,"column":16},"end":{"line":48,"column":38}},"type":"binary-expr","locations":[{"start":{"line":48,"column":16},"end":{"line":48,"column":25}},{"start":{"line":48,"column":29},"end":{"line":48,"column":38}}]},"17":{"loc":{"start":{"line":53,"column":12},"end":{"line":56,"column":13}},"type":"if","locations":[{"start":{"line":53,"column":12},"end":{"line":56,"column":13}}]},"18":{"loc":{"start":{"line":60,"column":16},"end":{"line":60,"column":104}},"type":"if","locations":[{"start":{"line":60,"column":16},"end":{"line":60,"column":104}}]},"19":{"loc":{"start":{"line":70,"column":12},"end":{"line":72,"column":13}},"type":"if","locations":[{"start":{"line":70,"column":12},"end":{"line":72,"column":13}}]},"20":{"loc":{"start":{"line":90,"column":12},"end":{"line":93,"column":13}},"type":"if","locations":[{"start":{"line":90,"column":12},"end":{"line":93,"column":13}}]},"21":{"loc":{"start":{"line":90,"column":16},"end":{"line":90,"column":38}},"type":"binary-expr","locations":[{"start":{"line":90,"column":16},"end":{"line":90,"column":25}},{"start":{"line":90,"column":29},"end":{"line":90,"column":38}}]},"22":{"loc":{"start":{"line":96,"column":16},"end":{"line":99,"column":17}},"type":"if","locations":[{"start":{"line":96,"column":16},"end":{"line":99,"column":17}}]},"23":{"loc":{"start":{"line":101,"column":16},"end":{"line":104,"column":17}},"type":"if","locations":[{"start":{"line":101,"column":16},"end":{"line":104,"column":17}}]},"24":{"loc":{"start":{"line":107,"column":16},"end":{"line":110,"column":17}},"type":"if","locations":[{"start":{"line":107,"column":16},"end":{"line":110,"column":17}}]},"25":{"loc":{"start":{"line":111,"column":16},"end":{"line":113,"column":17}},"type":"if","locations":[{"start":{"line":111,"column":16},"end":{"line":113,"column":17}}]},"26":{"loc":{"start":{"line":129,"column":12},"end":{"line":132,"column":13}},"type":"if","locations":[{"start":{"line":129,"column":12},"end":{"line":132,"column":13}}]},"27":{"loc":{"start":{"line":133,"column":12},"end":{"line":136,"column":13}},"type":"if","locations":[{"start":{"line":133,"column":12},"end":{"line":136,"column":13}}]},"28":{"loc":{"start":{"line":138,"column":16},"end":{"line":141,"column":17}},"type":"if","locations":[{"start":{"line":138,"column":16},"end":{"line":141,"column":17}}]},"29":{"loc":{"start":{"line":145,"column":20},"end":{"line":148,"column":21}},"type":"if","locations":[{"start":{"line":145,"column":20},"end":{"line":148,"column":21}}]},"30":{"loc":{"start":{"line":149,"column":20},"end":{"line":154,"column":21}},"type":"if","locations":[{"start":{"line":149,"column":20},"end":{"line":154,"column":21}}]},"31":{"loc":{"start":{"line":149,"column":24},"end":{"line":149,"column":89}},"type":"binary-expr","locations":[{"start":{"line":149,"column":24},"end":{"line":149,"column":43}},{"start":{"line":149,"column":47},"end":{"line":149,"column":89}}]},"32":{"loc":{"start":{"line":167,"column":12},"end":{"line":170,"column":13}},"type":"if","locations":[{"start":{"line":167,"column":12},"end":{"line":170,"column":13}}]},"33":{"loc":{"start":{"line":171,"column":12},"end":{"line":174,"column":13}},"type":"if","locations":[{"start":{"line":171,"column":12},"end":{"line":174,"column":13}}]},"34":{"loc":{"start":{"line":176,"column":16},"end":{"line":179,"column":17}},"type":"if","locations":[{"start":{"line":176,"column":16},"end":{"line":179,"column":17}}]},"35":{"loc":{"start":{"line":183,"column":20},"end":{"line":186,"column":21}},"type":"if","locations":[{"start":{"line":183,"column":20},"end":{"line":186,"column":21}}]},"36":{"loc":{"start":{"line":187,"column":20},"end":{"line":192,"column":21}},"type":"if","locations":[{"start":{"line":187,"column":20},"end":{"line":192,"column":21}}]},"37":{"loc":{"start":{"line":187,"column":24},"end":{"line":187,"column":89}},"type":"binary-expr","locations":[{"start":{"line":187,"column":24},"end":{"line":187,"column":43}},{"start":{"line":187,"column":47},"end":{"line":187,"column":89}}]},"38":{"loc":{"start":{"line":194,"column":20},"end":{"line":199,"column":21}},"type":"if","locations":[{"start":{"line":194,"column":20},"end":{"line":199,"column":21}}]},"39":{"loc":{"start":{"line":221,"column":30},"end":{"line":221,"column":68}},"type":"binary-expr","locations":[{"start":{"line":221,"column":30},"end":{"line":221,"column":40}},{"start":{"line":221,"column":44},"end":{"line":221,"column":68}}]},"40":{"loc":{"start":{"line":222,"column":16},"end":{"line":225,"column":17}},"type":"if","locations":[{"start":{"line":222,"column":16},"end":{"line":225,"column":17}}]},"41":{"loc":{"start":{"line":226,"column":16},"end":{"line":229,"column":17}},"type":"if","locations":[{"start":{"line":226,"column":16},"end":{"line":229,"column":17}}]},"42":{"loc":{"start":{"line":231,"column":20},"end":{"line":234,"column":21}},"type":"if","locations":[{"start":{"line":231,"column":20},"end":{"line":234,"column":21}}]}},"s":{"0":4,"1":4,"2":4,"3":4,"4":4,"5":4,"6":0,"7":0,"8":0,"9":0,"10":0,"11":0,"12":0,"13":0,"14":0,"15":0,"16":0,"17":0,"18":0,"19":0,"20":4,"21":0,"22":0,"23":0,"24":0,"25":0,"26":0,"27":0,"28":0,"29":4,"30":4,"31":4,"32":4,"33":4,"34":0,"35":0,"36":4,"37":4,"38":1,"39":1,"40":3,"41":3,"42":3,"43":3,"44":3,"45":3,"46":3,"47":0,"48":4,"49":9,"50":0,"51":9,"52":9,"53":9,"54":9,"55":4,"56":6,"57":6,"58":6,"59":6,"60":0,"61":0,"62":6,"63":6,"64":6,"65":0,"66":0,"67":6,"68":6,"69":0,"70":0,"71":6,"72":6,"73":6,"74":0,"75":0,"76":6,"77":0,"78":6,"79":6,"80":6,"81":0,"82":4,"83":1,"84":1,"85":1,"86":0,"87":0,"88":1,"89":0,"90":0,"91":1,"92":1,"93":1,"94":0,"95":0,"96":1,"97":1,"98":1,"99":1,"100":0,"101":0,"102":1,"103":0,"104":0,"105":0,"106":0,"107":1,"108":2,"109":1,"110":1,"111":0,"112":4,"113":6,"114":6,"115":6,"116":0,"117":0,"118":6,"119":0,"120":0,"121":6,"122":6,"123":6,"124":0,"125":0,"126":6,"127":6,"128":6,"129":6,"130":0,"131":0,"132":6,"133":3,"134":3,"135":3,"136":3,"137":3,"138":3,"139":0,"140":0,"141":0,"142":0,"143":3,"144":4,"145":3,"146":3,"147":3,"148":0,"149":4,"150":16,"151":16,"152":16,"153":16,"154":3,"155":3,"156":13,"157":0,"158":0,"159":13,"160":13,"161":2,"162":2,"163":11,"164":11,"165":11,"166":0,"167":4,"168":4},"f":{"0":0,"1":0,"2":0,"3":0,"4":4,"5":4,"6":9,"7":6,"8":6,"9":1,"10":1,"11":1,"12":1,"13":2,"14":6,"15":6,"16":6,"17":6,"18":4,"19":16,"20":13},"b":{"0":[0,0],"1":[0,0],"2":[0],"3":[0],"4":[0,0],"5":[0,0],"6":[0,0],"7":[0,0],"8":[0,0],"9":[0,0],"10":[0,0],"11":[0,0],"12":[0,0],"13":[0,0],"14":[0,0],"15":[0],"16":[4,4],"17":[1],"18":[3],"19":[0],"20":[0],"21":[6,6],"22":[0],"23":[0],"24":[0],"25":[0],"26":[0],"27":[0],"28":[0],"29":[0],"30":[0],"31":[1,1],"32":[0],"33":[0],"34":[0],"35":[0],"36":[3],"37":[6,6],"38":[0],"39":[16,13],"40":[3],"41":[0],"42":[2]}}
,"/home/st111/ChallengeZoneBackend/src/controllers/base_controller.ts": {"path":"/home/st111/ChallengeZoneBackend/src/controllers/base_controller.ts","statementMap":{"0":{"start":{"line":9,"column":8},"end":{"line":9,"column":27}},"1":{"start":{"line":12,"column":23},"end":{"line":12,"column":32}},"2":{"start":{"line":13,"column":8},"end":{"line":13,"column":28}},"3":{"start":{"line":14,"column":8},"end":{"line":20,"column":9}},"4":{"start":{"line":16,"column":25},"end":{"line":16,"column":82}},"5":{"start":{"line":17,"column":12},"end":{"line":17,"column":46}},"6":{"start":{"line":19,"column":12},"end":{"line":19,"column":45}},"7":{"start":{"line":25,"column":19},"end":{"line":25,"column":32}},"8":{"start":{"line":26,"column":8},"end":{"line":37,"column":9}},"9":{"start":{"line":27,"column":10},"end":{"line":36,"column":11}},"10":{"start":{"line":28,"column":25},"end":{"line":28,"column":54}},"11":{"start":{"line":29,"column":12},"end":{"line":33,"column":13}},"12":{"start":{"line":30,"column":14},"end":{"line":30,"column":36}},"13":{"start":{"line":32,"column":14},"end":{"line":32,"column":60}},"14":{"start":{"line":35,"column":12},"end":{"line":35,"column":45}},"15":{"start":{"line":38,"column":8},"end":{"line":38,"column":50}},"16":{"start":{"line":43,"column":19},"end":{"line":43,"column":32}},"17":{"start":{"line":44,"column":27},"end":{"line":44,"column":35}},"18":{"start":{"line":45,"column":8},"end":{"line":54,"column":9}},"19":{"start":{"line":46,"column":25},"end":{"line":46,"column":90}},"20":{"start":{"line":47,"column":12},"end":{"line":51,"column":13}},"21":{"start":{"line":48,"column":16},"end":{"line":48,"column":50}},"22":{"start":{"line":50,"column":16},"end":{"line":50,"column":62}},"23":{"start":{"line":53,"column":12},"end":{"line":53,"column":45}},"24":{"start":{"line":58,"column":8},"end":{"line":65,"column":9}},"25":{"start":{"line":59,"column":25},"end":{"line":59,"column":58}},"26":{"start":{"line":60,"column":12},"end":{"line":60,"column":39}},"27":{"start":{"line":63,"column":12},"end":{"line":63,"column":55}},"28":{"start":{"line":64,"column":12},"end":{"line":64,"column":38}},"29":{"start":{"line":69,"column":19},"end":{"line":69,"column":32}},"30":{"start":{"line":70,"column":8},"end":{"line":75,"column":9}},"31":{"start":{"line":71,"column":12},"end":{"line":71,"column":51}},"32":{"start":{"line":72,"column":12},"end":{"line":72,"column":57}},"33":{"start":{"line":74,"column":12},"end":{"line":74,"column":38}},"34":{"start":{"line":79,"column":32},"end":{"line":81,"column":1}},"35":{"start":{"line":80,"column":0},"end":{"line":80,"column":33}},"36":{"start":{"line":79,"column":13},"end":{"line":79,"column":32}},"37":{"start":{"line":82,"column":0},"end":{"line":82,"column":null}}},"fnMap":{"0":{"name":"(anonymous_7)","decl":{"start":{"line":8,"column":4},"end":{"line":8,"column":16}},"loc":{"start":{"line":8,"column":26},"end":{"line":10,"column":5}}},"1":{"name":"(anonymous_8)","decl":{"start":{"line":11,"column":10},"end":{"line":11,"column":16}},"loc":{"start":{"line":11,"column":44},"end":{"line":21,"column":6}}},"2":{"name":"(anonymous_10)","decl":{"start":{"line":24,"column":10},"end":{"line":24,"column":17}},"loc":{"start":{"line":24,"column":45},"end":{"line":39,"column":8}}},"3":{"name":"(anonymous_12)","decl":{"start":{"line":42,"column":10},"end":{"line":42,"column":20}},"loc":{"start":{"line":42,"column":47},"end":{"line":55,"column":6}}},"4":{"name":"(anonymous_14)","decl":{"start":{"line":57,"column":10},"end":{"line":57,"column":20}},"loc":{"start":{"line":57,"column":46},"end":{"line":66,"column":6}}},"5":{"name":"(anonymous_16)","decl":{"start":{"line":68,"column":10},"end":{"line":68,"column":20}},"loc":{"start":{"line":68,"column":47},"end":{"line":76,"column":6}}},"6":{"name":"(anonymous_18)","decl":{"start":{"line":79,"column":32},"end":{"line":79,"column":36}},"loc":{"start":{"line":79,"column":53},"end":{"line":81,"column":1}}}},"branchMap":{"0":{"loc":{"start":{"line":26,"column":8},"end":{"line":37,"column":9}},"type":"if","locations":[{"start":{"line":26,"column":8},"end":{"line":37,"column":9}}]},"1":{"loc":{"start":{"line":29,"column":12},"end":{"line":33,"column":13}},"type":"if","locations":[{"start":{"line":29,"column":12},"end":{"line":33,"column":13}},{"start":{"line":31,"column":19},"end":{"line":33,"column":13}}]},"2":{"loc":{"start":{"line":47,"column":12},"end":{"line":51,"column":13}},"type":"if","locations":[{"start":{"line":47,"column":12},"end":{"line":51,"column":13}},{"start":{"line":49,"column":19},"end":{"line":51,"column":13}}]}},"s":{"0":16,"1":6,"2":6,"3":6,"4":6,"5":6,"6":0,"7":4,"8":4,"9":4,"10":4,"11":3,"12":2,"13":1,"14":1,"15":0,"16":2,"17":2,"18":2,"19":2,"20":2,"21":2,"22":0,"23":0,"24":5,"25":5,"26":5,"27":0,"28":0,"29":0,"30":0,"31":0,"32":0,"33":0,"34":4,"35":0,"36":4,"37":4},"f":{"0":16,"1":6,"2":4,"3":2,"4":5,"5":0,"6":0},"b":{"0":[4],"1":[2,1],"2":[2,0]}}
,"/home/st111/ChallengeZoneBackend/src/controllers/comment_controller.ts": {"path":"/home/st111/ChallengeZoneBackend/src/controllers/comment_controller.ts","statementMap":{"0":{"start":{"line":2,"column":0},"end":{"line":2,"column":65}},"1":{"start":{"line":5,"column":0},"end":{"line":5,"column":47}},"2":{"start":{"line":6,"column":0},"end":{"line":6,"column":47}},"3":{"start":{"line":7,"column":0},"end":{"line":7,"column":45}},"4":{"start":{"line":12,"column":8},"end":{"line":12,"column":21}},"5":{"start":{"line":16,"column":8},"end":{"line":41,"column":9}},"6":{"start":{"line":17,"column":24},"end":{"line":17,"column":40}},"7":{"start":{"line":18,"column":25},"end":{"line":20,"column":null}},"8":{"start":{"line":23,"column":12},"end":{"line":23,"column":31}},"9":{"start":{"line":26,"column":31},"end":{"line":26,"column":64}},"10":{"start":{"line":29,"column":12},"end":{"line":37,"column":13}},"11":{"start":{"line":30,"column":32},"end":{"line":35,"column":29}},"12":{"start":{"line":36,"column":16},"end":{"line":36,"column":68}},"13":{"start":{"line":38,"column":16},"end":{"line":38,"column":49}},"14":{"start":{"line":40,"column":16},"end":{"line":40,"column":44}},"15":{"start":{"line":46,"column":19},"end":{"line":46,"column":32}},"16":{"start":{"line":47,"column":8},"end":{"line":69,"column":9}},"17":{"start":{"line":49,"column":28},"end":{"line":49,"column":57}},"18":{"start":{"line":50,"column":12},"end":{"line":65,"column":9}},"19":{"start":{"line":51,"column":17},"end":{"line":51,"column":59}},"20":{"start":{"line":55,"column":12},"end":{"line":55,"column":51}},"21":{"start":{"line":58,"column":12},"end":{"line":62,"column":14}},"22":{"start":{"line":64,"column":13},"end":{"line":64,"column":88}},"23":{"start":{"line":68,"column":13},"end":{"line":68,"column":39}},"24":{"start":{"line":73,"column":0},"end":{"line":73,"column":51}}},"fnMap":{"0":{"name":"(anonymous_8)","decl":{"start":{"line":11,"column":4},"end":{"line":11,"column":16}},"loc":{"start":{"line":11,"column":38},"end":{"line":13,"column":5}}},"1":{"name":"(anonymous_9)","decl":{"start":{"line":15,"column":10},"end":{"line":15,"column":20}},"loc":{"start":{"line":15,"column":48},"end":{"line":42,"column":null}}},"2":{"name":"(anonymous_11)","decl":{"start":{"line":45,"column":10},"end":{"line":45,"column":20}},"loc":{"start":{"line":45,"column":48},"end":{"line":70,"column":null}}}},"branchMap":{"0":{"loc":{"start":{"line":29,"column":12},"end":{"line":37,"column":13}},"type":"if","locations":[{"start":{"line":29,"column":12},"end":{"line":37,"column":13}}]},"1":{"loc":{"start":{"line":50,"column":12},"end":{"line":65,"column":9}},"type":"if","locations":[{"start":{"line":50,"column":12},"end":{"line":65,"column":9}},{"start":{"line":52,"column":18},"end":{"line":65,"column":9}}]}},"s":{"0":4,"1":4,"2":4,"3":4,"4":4,"5":2,"6":2,"7":2,"8":2,"9":2,"10":2,"11":2,"12":2,"13":2,"14":0,"15":1,"16":1,"17":1,"18":1,"19":0,"20":1,"21":1,"22":1,"23":0,"24":4},"f":{"0":4,"1":2,"2":1},"b":{"0":[2],"1":[0,1]}}
,"/home/st111/ChallengeZoneBackend/src/controllers/groq_controller.ts": {"path":"/home/st111/ChallengeZoneBackend/src/controllers/groq_controller.ts","statementMap":{"0":{"start":{"line":2,"column":0},"end":{"line":2,"column":28}},"1":{"start":{"line":4,"column":13},"end":{"line":6,"column":2}},"2":{"start":{"line":8,"column":24},"end":{"line":34,"column":2}},"3":{"start":{"line":8,"column":62},"end":{"line":34,"column":2}},"4":{"start":{"line":9,"column":2},"end":{"line":33,"column":3}},"5":{"start":{"line":10,"column":25},"end":{"line":10,"column":33}},"6":{"start":{"line":12,"column":4},"end":{"line":15,"column":5}},"7":{"start":{"line":13,"column":6},"end":{"line":13,"column":68}},"8":{"start":{"line":14,"column":6},"end":{"line":14,"column":13}},"9":{"start":{"line":17,"column":23},"end":{"line":20,"column":6}},"10":{"start":{"line":22,"column":24},"end":{"line":22,"column":69}},"11":{"start":{"line":24,"column":4},"end":{"line":24,"column":50}},"12":{"start":{"line":26,"column":4},"end":{"line":32,"column":5}},"13":{"start":{"line":27,"column":6},"end":{"line":27,"column":62}},"14":{"start":{"line":28,"column":6},"end":{"line":28,"column":98}},"15":{"start":{"line":30,"column":6},"end":{"line":30,"column":48}},"16":{"start":{"line":31,"column":6},"end":{"line":31,"column":70}},"17":{"start":{"line":36,"column":27},"end":{"line":55,"column":2}},"18":{"start":{"line":36,"column":65},"end":{"line":55,"column":2}},"19":{"start":{"line":37,"column":2},"end":{"line":54,"column":3}},"20":{"start":{"line":38,"column":25},"end":{"line":38,"column":33}},"21":{"start":{"line":39,"column":4},"end":{"line":42,"column":5}},"22":{"start":{"line":40,"column":6},"end":{"line":40,"column":68}},"23":{"start":{"line":41,"column":6},"end":{"line":41,"column":13}},"24":{"start":{"line":44,"column":23},"end":{"line":47,"column":6}},"25":{"start":{"line":49,"column":24},"end":{"line":49,"column":69}},"26":{"start":{"line":50,"column":4},"end":{"line":50,"column":38}},"27":{"start":{"line":52,"column":4},"end":{"line":52,"column":46}},"28":{"start":{"line":53,"column":4},"end":{"line":53,"column":68}},"29":{"start":{"line":57,"column":0},"end":{"line":57,"column":55}}},"fnMap":{"0":{"name":"(anonymous_8)","decl":{"start":{"line":8,"column":24},"end":{"line":8,"column":31}},"loc":{"start":{"line":8,"column":62},"end":{"line":34,"column":2}}},"1":{"name":"(anonymous_9)","decl":{"start":{"line":8,"column":62},"end":{"line":8,"column":null}},"loc":{"start":{"line":8,"column":62},"end":{"line":34,"column":1}}},"2":{"name":"(anonymous_10)","decl":{"start":{"line":36,"column":27},"end":{"line":36,"column":34}},"loc":{"start":{"line":36,"column":65},"end":{"line":55,"column":2}}},"3":{"name":"(anonymous_11)","decl":{"start":{"line":36,"column":65},"end":{"line":36,"column":null}},"loc":{"start":{"line":36,"column":65},"end":{"line":55,"column":1}}}},"branchMap":{"0":{"loc":{"start":{"line":12,"column":4},"end":{"line":15,"column":5}},"type":"if","locations":[{"start":{"line":12,"column":4},"end":{"line":15,"column":5}}]},"1":{"loc":{"start":{"line":12,"column":8},"end":{"line":12,"column":45}},"type":"binary-expr","locations":[{"start":{"line":12,"column":8},"end":{"line":12,"column":17}},{"start":{"line":12,"column":21},"end":{"line":12,"column":45}}]},"2":{"loc":{"start":{"line":22,"column":24},"end":{"line":22,"column":69}},"type":"binary-expr","locations":[{"start":{"line":22,"column":24},"end":{"line":22,"column":63}},{"start":{"line":22,"column":67},"end":{"line":22,"column":69}}]},"3":{"loc":{"start":{"line":22,"column":24},"end":{"line":22,"column":63}},"type":"cond-expr","locations":[{"start":{"line":22,"column":54},"end":{"line":22,"column":56}},{"start":{"line":22,"column":54},"end":{"line":22,"column":63}}]},"4":{"loc":{"start":{"line":22,"column":24},"end":{"line":22,"column":56}},"type":"binary-expr","locations":[{"start":{"line":22,"column":24},"end":{"line":22,"column":56}},{"start":{"line":22,"column":54},"end":{"line":22,"column":56}}]},"5":{"loc":{"start":{"line":22,"column":24},"end":{"line":22,"column":54}},"type":"cond-expr","locations":[{"start":{"line":22,"column":45},"end":{"line":22,"column":47}},{"start":{"line":22,"column":45},"end":{"line":22,"column":54}}]},"6":{"loc":{"start":{"line":22,"column":24},"end":{"line":22,"column":47}},"type":"binary-expr","locations":[{"start":{"line":22,"column":24},"end":{"line":22,"column":47}},{"start":{"line":22,"column":45},"end":{"line":22,"column":47}}]},"7":{"loc":{"start":{"line":26,"column":4},"end":{"line":32,"column":5}},"type":"if","locations":[{"start":{"line":26,"column":4},"end":{"line":32,"column":5}},{"start":{"line":29,"column":11},"end":{"line":32,"column":5}}]},"8":{"loc":{"start":{"line":39,"column":4},"end":{"line":42,"column":5}},"type":"if","locations":[{"start":{"line":39,"column":4},"end":{"line":42,"column":5}}]},"9":{"loc":{"start":{"line":39,"column":8},"end":{"line":39,"column":45}},"type":"binary-expr","locations":[{"start":{"line":39,"column":8},"end":{"line":39,"column":17}},{"start":{"line":39,"column":21},"end":{"line":39,"column":45}}]},"10":{"loc":{"start":{"line":49,"column":24},"end":{"line":49,"column":69}},"type":"binary-expr","locations":[{"start":{"line":49,"column":24},"end":{"line":49,"column":63}},{"start":{"line":49,"column":67},"end":{"line":49,"column":69}}]},"11":{"loc":{"start":{"line":49,"column":24},"end":{"line":49,"column":63}},"type":"cond-expr","locations":[{"start":{"line":49,"column":54},"end":{"line":49,"column":56}},{"start":{"line":49,"column":54},"end":{"line":49,"column":63}}]},"12":{"loc":{"start":{"line":49,"column":24},"end":{"line":49,"column":56}},"type":"binary-expr","locations":[{"start":{"line":49,"column":24},"end":{"line":49,"column":56}},{"start":{"line":49,"column":54},"end":{"line":49,"column":56}}]},"13":{"loc":{"start":{"line":49,"column":24},"end":{"line":49,"column":54}},"type":"cond-expr","locations":[{"start":{"line":49,"column":45},"end":{"line":49,"column":47}},{"start":{"line":49,"column":45},"end":{"line":49,"column":54}}]},"14":{"loc":{"start":{"line":49,"column":24},"end":{"line":49,"column":47}},"type":"binary-expr","locations":[{"start":{"line":49,"column":24},"end":{"line":49,"column":47}},{"start":{"line":49,"column":45},"end":{"line":49,"column":47}}]}},"s":{"0":5,"1":5,"2":5,"3":2,"4":2,"5":2,"6":2,"7":1,"8":1,"9":1,"10":1,"11":1,"12":0,"13":0,"14":0,"15":0,"16":0,"17":5,"18":2,"19":2,"20":2,"21":2,"22":1,"23":1,"24":1,"25":1,"26":1,"27":0,"28":0,"29":5},"f":{"0":2,"1":2,"2":2,"3":2},"b":{"0":[1],"1":[2,1],"2":[1,0],"3":[0,1],"4":[1,1],"5":[0,1],"6":[1,1],"7":[0,0],"8":[1],"9":[2,1],"10":[1,0],"11":[0,1],"12":[1,1],"13":[0,1],"14":[1,1]}}
,"/home/st111/ChallengeZoneBackend/src/controllers/post_controller.ts": {"path":"/home/st111/ChallengeZoneBackend/src/controllers/post_controller.ts","statementMap":{"0":{"start":{"line":1,"column":0},"end":{"line":1,"column":54}},"1":{"start":{"line":2,"column":0},"end":{"line":2,"column":56}},"2":{"start":{"line":3,"column":0},"end":{"line":3,"column":51}},"3":{"start":{"line":4,"column":0},"end":{"line":4,"column":47}},"4":{"start":{"line":5,"column":0},"end":{"line":5,"column":47}},"5":{"start":{"line":7,"column":0},"end":{"line":7,"column":29}},"6":{"start":{"line":8,"column":0},"end":{"line":8,"column":26}},"7":{"start":{"line":9,"column":0},"end":{"line":9,"column":29}},"8":{"start":{"line":10,"column":0},"end":{"line":10,"column":24}},"9":{"start":{"line":15,"column":8},"end":{"line":15,"column":21}},"10":{"start":{"line":19,"column":8},"end":{"line":30,"column":9}},"11":{"start":{"line":20,"column":24},"end":{"line":20,"column":59}},"12":{"start":{"line":21,"column":22},"end":{"line":23,"column":null}},"13":{"start":{"line":25,"column":12},"end":{"line":25,"column":28}},"14":{"start":{"line":26,"column":12},"end":{"line":26,"column":46}},"15":{"start":{"line":28,"column":12},"end":{"line":28,"column":57}},"16":{"start":{"line":29,"column":12},"end":{"line":29,"column":40}},"17":{"start":{"line":51,"column":8},"end":{"line":61,"column":9}},"18":{"start":{"line":52,"column":42},"end":{"line":52,"column":50}},"19":{"start":{"line":53,"column":12},"end":{"line":57,"column":14}},"20":{"start":{"line":60,"column":12},"end":{"line":60,"column":40}},"21":{"start":{"line":65,"column":19},"end":{"line":65,"column":32}},"22":{"start":{"line":66,"column":8},"end":{"line":96,"column":9}},"23":{"start":{"line":68,"column":25},"end":{"line":68,"column":54}},"24":{"start":{"line":69,"column":12},"end":{"line":72,"column":13}},"25":{"start":{"line":70,"column":16},"end":{"line":70,"column":55}},"26":{"start":{"line":71,"column":16},"end":{"line":71,"column":23}},"27":{"start":{"line":75,"column":12},"end":{"line":75,"column":75}},"28":{"start":{"line":79,"column":12},"end":{"line":85,"column":13}},"29":{"start":{"line":80,"column":38},"end":{"line":80,"column":71}},"30":{"start":{"line":81,"column":34},"end":{"line":81,"column":88}},"31":{"start":{"line":82,"column":16},"end":{"line":84,"column":17}},"32":{"start":{"line":83,"column":20},"end":{"line":83,"column":45}},"33":{"start":{"line":89,"column":12},"end":{"line":89,"column":51}},"34":{"start":{"line":93,"column":12},"end":{"line":93,"column":86}},"35":{"start":{"line":95,"column":12},"end":{"line":95,"column":38}},"36":{"start":{"line":101,"column":8},"end":{"line":119,"column":9}},"37":{"start":{"line":102,"column":12},"end":{"line":102,"column":70}},"38":{"start":{"line":104,"column":31},"end":{"line":106,"column":41}},"39":{"start":{"line":108,"column":12},"end":{"line":108,"column":36}},"40":{"start":{"line":110,"column":29},"end":{"line":113,"column":14}},"41":{"start":{"line":115,"column":12},"end":{"line":115,"column":69}},"42":{"start":{"line":117,"column":12},"end":{"line":117,"column":80}},"43":{"start":{"line":118,"column":12},"end":{"line":118,"column":74}},"44":{"start":{"line":122,"column":31},"end":{"line":122,"column":60}},"45":{"start":{"line":125,"column":0},"end":{"line":127,"column":3}},"46":{"start":{"line":126,"column":4},"end":{"line":126,"column":42}},"47":{"start":{"line":129,"column":0},"end":{"line":129,"column":45}}},"fnMap":{"0":{"name":"(anonymous_17)","decl":{"start":{"line":14,"column":4},"end":{"line":14,"column":16}},"loc":{"start":{"line":14,"column":35},"end":{"line":16,"column":5}}},"1":{"name":"(anonymous_18)","decl":{"start":{"line":18,"column":10},"end":{"line":18,"column":20}},"loc":{"start":{"line":18,"column":48},"end":{"line":31,"column":null}}},"2":{"name":"(anonymous_21)","decl":{"start":{"line":50,"column":10},"end":{"line":50,"column":26}},"loc":{"start":{"line":50,"column":54},"end":{"line":62,"column":null}}},"3":{"name":"(anonymous_23)","decl":{"start":{"line":64,"column":10},"end":{"line":64,"column":20}},"loc":{"start":{"line":64,"column":48},"end":{"line":97,"column":null}}},"4":{"name":"(anonymous_25)","decl":{"start":{"line":100,"column":10},"end":{"line":100,"column":22}},"loc":{"start":{"line":100,"column":22},"end":{"line":120,"column":null}}},"5":{"name":"(anonymous_27)","decl":{"start":{"line":125,"column":27},"end":{"line":125,"column":30}},"loc":{"start":{"line":125,"column":32},"end":{"line":127,"column":1}}}},"branchMap":{"0":{"loc":{"start":{"line":20,"column":24},"end":{"line":20,"column":59}},"type":"binary-expr","locations":[{"start":{"line":20,"column":24},"end":{"line":20,"column":39}},{"start":{"line":20,"column":43},"end":{"line":20,"column":59}}]},"1":{"loc":{"start":{"line":69,"column":12},"end":{"line":72,"column":13}},"type":"if","locations":[{"start":{"line":69,"column":12},"end":{"line":72,"column":13}}]},"2":{"loc":{"start":{"line":79,"column":12},"end":{"line":85,"column":13}},"type":"if","locations":[{"start":{"line":79,"column":12},"end":{"line":85,"column":13}}]},"3":{"loc":{"start":{"line":82,"column":16},"end":{"line":84,"column":17}},"type":"if","locations":[{"start":{"line":82,"column":16},"end":{"line":84,"column":17}}]}},"s":{"0":4,"1":4,"2":4,"3":4,"4":4,"5":4,"6":4,"7":4,"8":4,"9":8,"10":5,"11":5,"12":5,"13":5,"14":5,"15":0,"16":0,"17":2,"18":2,"19":2,"20":0,"21":1,"22":1,"23":1,"24":1,"25":0,"26":0,"27":1,"28":1,"29":1,"30":1,"31":0,"32":0,"33":0,"34":0,"35":1,"36":0,"37":0,"38":0,"39":0,"40":0,"41":0,"42":0,"43":0,"44":4,"45":4,"46":0,"47":4},"f":{"0":8,"1":5,"2":2,"3":1,"4":0,"5":0},"b":{"0":[5,4],"1":[0],"2":[1],"3":[0]}}
,"/home/st111/ChallengeZoneBackend/src/controllers/user_controller.ts": {"path":"/home/st111/ChallengeZoneBackend/src/controllers/user_controller.ts","statementMap":{"0":{"start":{"line":2,"column":0},"end":{"line":2,"column":54}},"1":{"start":{"line":3,"column":0},"end":{"line":3,"column":47}},"2":{"start":{"line":8,"column":8},"end":{"line":8,"column":21}},"3":{"start":{"line":12,"column":0},"end":{"line":12,"column":45}}},"fnMap":{"0":{"name":"(anonymous_1)","decl":{"start":{"line":7,"column":4},"end":{"line":7,"column":16}},"loc":{"start":{"line":7,"column":35},"end":{"line":9,"column":5}}}},"branchMap":{},"s":{"0":4,"1":4,"2":4,"3":4},"f":{"0":4},"b":{}}
,"/home/st111/ChallengeZoneBackend/src/models/comment_model.ts": {"path":"/home/st111/ChallengeZoneBackend/src/models/comment_model.ts","statementMap":{"0":{"start":{"line":1,"column":0},"end":{"line":1,"column":32}},"1":{"start":{"line":2,"column":15},"end":{"line":2,"column":30}},"2":{"start":{"line":11,"column":22},"end":{"line":26,"column":61}},"3":{"start":{"line":29,"column":16},"end":{"line":29,"column":66}},"4":{"start":{"line":30,"column":0},"end":{"line":30,"column":23}}},"fnMap":{},"branchMap":{},"s":{"0":4,"1":4,"2":4,"3":4,"4":4},"f":{},"b":{}}
,"/home/st111/ChallengeZoneBackend/src/models/post_model.ts": {"path":"/home/st111/ChallengeZoneBackend/src/models/post_model.ts","statementMap":{"0":{"start":{"line":1,"column":0},"end":{"line":1,"column":32}},"1":{"start":{"line":12,"column":15},"end":{"line":12,"column":30}},"2":{"start":{"line":13,"column":19},"end":{"line":35,"column":61}},"3":{"start":{"line":37,"column":18},"end":{"line":37,"column":59}},"4":{"start":{"line":38,"column":0},"end":{"line":38,"column":25}}},"fnMap":{},"branchMap":{},"s":{"0":4,"1":4,"2":4,"3":4,"4":4},"f":{},"b":{}}
,"/home/st111/ChallengeZoneBackend/src/models/user_model.ts": {"path":"/home/st111/ChallengeZoneBackend/src/models/user_model.ts","statementMap":{"0":{"start":{"line":1,"column":0},"end":{"line":1,"column":32}},"1":{"start":{"line":2,"column":15},"end":{"line":2,"column":30}},"2":{"start":{"line":13,"column":19},"end":{"line":35,"column":2}},"3":{"start":{"line":37,"column":13},"end":{"line":37,"column":54}},"4":{"start":{"line":38,"column":0},"end":{"line":38,"column":20}}},"fnMap":{},"branchMap":{},"s":{"0":4,"1":4,"2":4,"3":4,"4":4},"f":{},"b":{}}
,"/home/st111/ChallengeZoneBackend/src/routes/auth_routes.ts": {"path":"/home/st111/ChallengeZoneBackend/src/routes/auth_routes.ts","statementMap":{"0":{"start":{"line":1,"column":0},"end":{"line":1,"column":53}},"1":{"start":{"line":2,"column":0},"end":{"line":2,"column":60}},"2":{"start":{"line":4,"column":15},"end":{"line":4,"column":31}},"3":{"start":{"line":67,"column":0},"end":{"line":67,"column":50}},"4":{"start":{"line":94,"column":0},"end":{"line":94,"column":52}},"5":{"start":{"line":139,"column":0},"end":{"line":139,"column":44}},"6":{"start":{"line":165,"column":0},"end":{"line":165,"column":46}},"7":{"start":{"line":205,"column":0},"end":{"line":205,"column":48}},"8":{"start":{"line":207,"column":0},"end":{"line":207,"column":22}}},"fnMap":{},"branchMap":{},"s":{"0":4,"1":4,"2":4,"3":4,"4":4,"5":4,"6":4,"7":4,"8":4},"f":{},"b":{}}
,"/home/st111/ChallengeZoneBackend/src/routes/comment_routes.ts": {"path":"/home/st111/ChallengeZoneBackend/src/routes/comment_routes.ts","statementMap":{"0":{"start":{"line":1,"column":0},"end":{"line":1,"column":53}},"1":{"start":{"line":2,"column":16},"end":{"line":2,"column":32}},"2":{"start":{"line":3,"column":0},"end":{"line":3,"column":66}},"3":{"start":{"line":4,"column":0},"end":{"line":4,"column":62}},"4":{"start":{"line":49,"column":0},"end":{"line":51,"column":3}},"5":{"start":{"line":50,"column":4},"end":{"line":50,"column":39}},"6":{"start":{"line":89,"column":0},"end":{"line":91,"column":3}},"7":{"start":{"line":90,"column":4},"end":{"line":90,"column":null}},"8":{"start":{"line":149,"column":0},"end":{"line":149,"column":85}},"9":{"start":{"line":209,"column":0},"end":{"line":211,"column":3}},"10":{"start":{"line":210,"column":4},"end":{"line":210,"column":null}},"11":{"start":{"line":236,"column":0},"end":{"line":236,"column":91}},"12":{"start":{"line":238,"column":0},"end":{"line":238,"column":22}}},"fnMap":{"0":{"name":"(anonymous_1)","decl":{"start":{"line":49,"column":16},"end":{"line":49,"column":17}},"loc":{"start":{"line":49,"column":48},"end":{"line":51,"column":1}}},"1":{"name":"(anonymous_2)","decl":{"start":{"line":89,"column":18},"end":{"line":89,"column":19}},"loc":{"start":{"line":89,"column":50},"end":{"line":91,"column":1}}},"2":{"name":"(anonymous_3)","decl":{"start":{"line":209,"column":33},"end":{"line":209,"column":34}},"loc":{"start":{"line":209,"column":45},"end":{"line":211,"column":1}}}},"branchMap":{},"s":{"0":4,"1":4,"2":4,"3":4,"4":4,"5":3,"6":4,"7":2,"8":4,"9":4,"10":1,"11":4,"12":4},"f":{"0":3,"1":2,"2":1},"b":{}}
,"/home/st111/ChallengeZoneBackend/src/routes/file_route.ts": {"path":"/home/st111/ChallengeZoneBackend/src/routes/file_route.ts","statementMap":{"0":{"start":{"line":1,"column":0},"end":{"line":1,"column":30}},"1":{"start":{"line":2,"column":0},"end":{"line":2,"column":28}},"2":{"start":{"line":3,"column":0},"end":{"line":3,"column":20}},"3":{"start":{"line":4,"column":0},"end":{"line":4,"column":24}},"4":{"start":{"line":5,"column":15},"end":{"line":5,"column":31}},"5":{"start":{"line":7,"column":13},"end":{"line":7,"column":42}},"6":{"start":{"line":9,"column":16},"end":{"line":20,"column":2}},"7":{"start":{"line":11,"column":8},"end":{"line":11,"column":null}},"8":{"start":{"line":14,"column":20},"end":{"line":17,"column":22}},"9":{"start":{"line":18,"column":8},"end":{"line":18,"column":null}},"10":{"start":{"line":21,"column":15},"end":{"line":21,"column":43}},"11":{"start":{"line":22,"column":0},"end":{"line":25,"column":3}},"12":{"start":{"line":23,"column":4},"end":{"line":23,"column":null}},"13":{"start":{"line":24,"column":4},"end":{"line":24,"column":null}},"14":{"start":{"line":30,"column":0},"end":{"line":44,"column":3}},"15":{"start":{"line":31,"column":21},"end":{"line":31,"column":40}},"16":{"start":{"line":32,"column":21},"end":{"line":32,"column":68}},"17":{"start":{"line":34,"column":4},"end":{"line":43,"column":1}},"18":{"start":{"line":35,"column":4},"end":{"line":40,"column":7}},"19":{"start":{"line":36,"column":8},"end":{"line":38,"column":9}},"20":{"start":{"line":37,"column":12},"end":{"line":37,"column":58}},"21":{"start":{"line":39,"column":8},"end":{"line":39,"column":31}},"22":{"start":{"line":42,"column":4},"end":{"line":42,"column":43}},"23":{"start":{"line":46,"column":0},"end":{"line":46,"column":16}}},"fnMap":{"0":{"name":"(anonymous_1)","decl":{"start":{"line":10,"column":17},"end":{"line":10,"column":27}},"loc":{"start":{"line":10,"column":40},"end":{"line":12,"column":5}}},"1":{"name":"(anonymous_2)","decl":{"start":{"line":13,"column":14},"end":{"line":13,"column":24}},"loc":{"start":{"line":13,"column":37},"end":{"line":19,"column":5}}},"2":{"name":"(anonymous_3)","decl":{"start":{"line":22,"column":40},"end":{"line":22,"column":50}},"loc":{"start":{"line":22,"column":58},"end":{"line":25,"column":1}}},"3":{"name":"(anonymous_4)","decl":{"start":{"line":30,"column":25},"end":{"line":30,"column":35}},"loc":{"start":{"line":30,"column":43},"end":{"line":44,"column":1}}},"4":{"name":"(anonymous_5)","decl":{"start":{"line":35,"column":43},"end":{"line":35,"column":44}},"loc":{"start":{"line":35,"column":51},"end":{"line":40,"column":5}}}},"branchMap":{"0":{"loc":{"start":{"line":23,"column":47},"end":{"line":23,"column":61}},"type":"cond-expr","locations":[{"start":{"line":23,"column":55},"end":{"line":23,"column":57}},{"start":{"line":23,"column":55},"end":{"line":23,"column":61}}]},"1":{"loc":{"start":{"line":23,"column":47},"end":{"line":23,"column":57}},"type":"binary-expr","locations":[{"start":{"line":23,"column":47},"end":{"line":23,"column":57}},{"start":{"line":23,"column":55},"end":{"line":23,"column":57}}]},"2":{"loc":{"start":{"line":24,"column":39},"end":{"line":24,"column":53}},"type":"cond-expr","locations":[{"start":{"line":24,"column":47},"end":{"line":24,"column":49}},{"start":{"line":24,"column":47},"end":{"line":24,"column":53}}]},"3":{"loc":{"start":{"line":24,"column":39},"end":{"line":24,"column":49}},"type":"binary-expr","locations":[{"start":{"line":24,"column":39},"end":{"line":24,"column":49}},{"start":{"line":24,"column":47},"end":{"line":24,"column":49}}]},"4":{"loc":{"start":{"line":36,"column":8},"end":{"line":38,"column":9}},"type":"if","locations":[{"start":{"line":36,"column":8},"end":{"line":38,"column":9}}]}},"s":{"0":4,"1":4,"2":4,"3":4,"4":4,"5":4,"6":4,"7":1,"8":1,"9":1,"10":4,"11":4,"12":1,"13":1,"14":4,"15":0,"16":0,"17":0,"18":0,"19":0,"20":0,"21":0,"22":0,"23":4},"f":{"0":1,"1":1,"2":1,"3":0,"4":0},"b":{"0":[0,1],"1":[1,1],"2":[0,1],"3":[1,1],"4":[0]}}
,"/home/st111/ChallengeZoneBackend/src/routes/groq_routes.ts": {"path":"/home/st111/ChallengeZoneBackend/src/routes/groq_routes.ts","statementMap":{"0":{"start":{"line":2,"column":0},"end":{"line":2,"column":30}},"1":{"start":{"line":3,"column":0},"end":{"line":3,"column":60}},"2":{"start":{"line":5,"column":15},"end":{"line":5,"column":31}},"3":{"start":{"line":49,"column":0},"end":{"line":49,"column":53}},"4":{"start":{"line":51,"column":0},"end":{"line":51,"column":22}}},"fnMap":{},"branchMap":{},"s":{"0":4,"1":4,"2":4,"3":4,"4":4},"f":{},"b":{}}
,"/home/st111/ChallengeZoneBackend/src/routes/post_routes.ts": {"path":"/home/st111/ChallengeZoneBackend/src/routes/post_routes.ts","statementMap":{"0":{"start":{"line":1,"column":0},"end":{"line":1,"column":53}},"1":{"start":{"line":2,"column":15},"end":{"line":2,"column":31}},"2":{"start":{"line":3,"column":0},"end":{"line":3,"column":60}},"3":{"start":{"line":4,"column":0},"end":{"line":4,"column":64}},"4":{"start":{"line":41,"column":0},"end":{"line":43,"column":3}},"5":{"start":{"line":42,"column":4},"end":{"line":42,"column":36}},"6":{"start":{"line":65,"column":0},"end":{"line":67,"column":3}},"7":{"start":{"line":66,"column":4},"end":{"line":66,"column":37}},"8":{"start":{"line":99,"column":0},"end":{"line":99,"column":81}},"9":{"start":{"line":103,"column":0},"end":{"line":103,"column":74}},"10":{"start":{"line":138,"column":0},"end":{"line":140,"column":3}},"11":{"start":{"line":139,"column":4},"end":{"line":139,"column":40}},"12":{"start":{"line":164,"column":0},"end":{"line":164,"column":86}},"13":{"start":{"line":166,"column":0},"end":{"line":166,"column":22}}},"fnMap":{"0":{"name":"(anonymous_1)","decl":{"start":{"line":41,"column":16},"end":{"line":41,"column":17}},"loc":{"start":{"line":41,"column":48},"end":{"line":43,"column":1}}},"1":{"name":"(anonymous_2)","decl":{"start":{"line":65,"column":19},"end":{"line":65,"column":20}},"loc":{"start":{"line":65,"column":51},"end":{"line":67,"column":1}}},"2":{"name":"(anonymous_3)","decl":{"start":{"line":138,"column":35},"end":{"line":138,"column":36}},"loc":{"start":{"line":138,"column":48},"end":{"line":140,"column":1}}}},"branchMap":{},"s":{"0":4,"1":4,"2":4,"3":4,"4":4,"5":3,"6":4,"7":2,"8":4,"9":4,"10":4,"11":1,"12":4,"13":4},"f":{"0":3,"1":2,"2":1},"b":{}}
,"/home/st111/ChallengeZoneBackend/src/routes/user_routes.ts": {"path":"/home/st111/ChallengeZoneBackend/src/routes/user_routes.ts","statementMap":{"0":{"start":{"line":1,"column":0},"end":{"line":1,"column":53}},"1":{"start":{"line":2,"column":15},"end":{"line":2,"column":31}},"2":{"start":{"line":3,"column":0},"end":{"line":3,"column":60}},"3":{"start":{"line":4,"column":0},"end":{"line":4,"column":62}},"4":{"start":{"line":44,"column":0},"end":{"line":46,"column":3}},"5":{"start":{"line":45,"column":4},"end":{"line":45,"column":36}},"6":{"start":{"line":82,"column":0},"end":{"line":84,"column":3}},"7":{"start":{"line":83,"column":4},"end":{"line":83,"column":null}},"8":{"start":{"line":136,"column":0},"end":{"line":138,"column":3}},"9":{"start":{"line":137,"column":4},"end":{"line":137,"column":null}},"10":{"start":{"line":140,"column":0},"end":{"line":140,"column":22}}},"fnMap":{"0":{"name":"(anonymous_1)","decl":{"start":{"line":44,"column":16},"end":{"line":44,"column":17}},"loc":{"start":{"line":44,"column":48},"end":{"line":46,"column":1}}},"1":{"name":"(anonymous_2)","decl":{"start":{"line":82,"column":18},"end":{"line":82,"column":19}},"loc":{"start":{"line":82,"column":50},"end":{"line":84,"column":1}}},"2":{"name":"(anonymous_3)","decl":{"start":{"line":136,"column":33},"end":{"line":136,"column":34}},"loc":{"start":{"line":136,"column":45},"end":{"line":138,"column":1}}}},"branchMap":{},"s":{"0":4,"1":4,"2":4,"3":4,"4":4,"5":0,"6":4,"7":0,"8":4,"9":0,"10":4},"f":{"0":0,"1":0,"2":0},"b":{}}
}
