{"C:\\temp\\Posts\\src\\server.ts": {"path":"C:\\temp\\Posts\\src\\server.ts","statementMap":{"0":{"start":{"line":1,"column":0},"end":{"line":1,"column":40}},"1":{"start":{"line":2,"column":12},"end":{"line":2,"column":21}},"2":{"start":{"line":3,"column":0},"end":{"line":3,"column":27}},"3":{"start":{"line":4,"column":0},"end":{"line":4,"column":16}},"4":{"start":{"line":5,"column":0},"end":{"line":5,"column":32}},"5":{"start":{"line":6,"column":0},"end":{"line":6,"column":45}},"6":{"start":{"line":7,"column":0},"end":{"line":7,"column":51}},"7":{"start":{"line":8,"column":0},"end":{"line":8,"column":45}},"8":{"start":{"line":9,"column":0},"end":{"line":9,"column":37}},"9":{"start":{"line":10,"column":0},"end":{"line":10,"column":41}},"10":{"start":{"line":11,"column":0},"end":{"line":11,"column":43}},"11":{"start":{"line":14,"column":0},"end":{"line":14,"column":27}},"12":{"start":{"line":15,"column":0},"end":{"line":15,"column":49}},"13":{"start":{"line":16,"column":0},"end":{"line":16,"column":null}},"14":{"start":{"line":17,"column":0},"end":{"line":17,"column":null}},"15":{"start":{"line":18,"column":0},"end":{"line":18,"column":null}},"16":{"start":{"line":19,"column":11},"end":{"line":19,"column":30}},"17":{"start":{"line":20,"column":0},"end":{"line":20,"column":64}},"18":{"start":{"line":21,"column":0},"end":{"line":23,"column":null}},"19":{"start":{"line":22,"column":4},"end":{"line":22,"column":45}},"20":{"start":{"line":25,"column":16},"end":{"line":36,"column":4}},"21":{"start":{"line":37,"column":16},"end":{"line":37,"column":37}},"22":{"start":{"line":38,"column":2},"end":{"line":38,"column":64}},"23":{"start":{"line":40,"column":16},"end":{"line":53,"column":1}},"24":{"start":{"line":41,"column":4},"end":{"line":52,"column":null}},"25":{"start":{"line":42,"column":8},"end":{"line":51,"column":8}},"26":{"start":{"line":43,"column":8},"end":{"line":43,"column":null}},"27":{"start":{"line":44,"column":8},"end":{"line":44,"column":57}},"28":{"start":{"line":46,"column":8},"end":{"line":50,"column":13}},"29":{"start":{"line":47,"column":12},"end":{"line":47,"column":null}},"30":{"start":{"line":49,"column":12},"end":{"line":49,"column":26}},"31":{"start":{"line":55,"column":0},"end":{"line":55,"column":null}}},"fnMap":{"0":{"name":"(anonymous_1)","decl":{"start":{"line":21,"column":15},"end":{"line":21,"column":null}},"loc":{"start":{"line":21,"column":15},"end":{"line":23,"column":1}}},"1":{"name":"(anonymous_2)","decl":{"start":{"line":40,"column":16},"end":{"line":40,"column":19}},"loc":{"start":{"line":40,"column":21},"end":{"line":53,"column":1}}},"2":{"name":"(anonymous_3)","decl":{"start":{"line":41,"column":33},"end":{"line":41,"column":34}},"loc":{"start":{"line":41,"column":52},"end":{"line":52,"column":5}}},"3":{"name":"(anonymous_4)","decl":{"start":{"line":46,"column":54},"end":{"line":46,"column":56}},"loc":{"start":{"line":46,"column":58},"end":{"line":48,"column":9}}},"4":{"name":"(anonymous_5)","decl":{"start":{"line":48,"column":17},"end":{"line":48,"column":18}},"loc":{"start":{"line":48,"column":27},"end":{"line":50,"column":11}}}},"branchMap":{"0":{"loc":{"start":{"line":42,"column":8},"end":{"line":51,"column":8}},"type":"if","locations":[{"start":{"line":42,"column":8},"end":{"line":51,"column":8}},{"start":{"line":45,"column":11},"end":{"line":51,"column":8}}]}},"s":{"0":3,"1":3,"2":3,"3":3,"4":3,"5":3,"6":3,"7":3,"8":3,"9":3,"10":3,"11":3,"12":3,"13":3,"14":3,"15":3,"16":3,"17":3,"18":3,"19":3,"20":3,"21":3,"22":3,"23":3,"24":3,"25":3,"26":0,"27":0,"28":3,"29":3,"30":0,"31":3},"f":{"0":3,"1":3,"2":3,"3":3,"4":0},"b":{"0":[0,3]}}
,"C:\\temp\\Posts\\src\\controllers\\auth_controller.ts": {"path":"C:\\temp\\Posts\\src\\controllers\\auth_controller.ts","statementMap":{"0":{"start":{"line":2,"column":0},"end":{"line":2,"column":45}},"1":{"start":{"line":3,"column":0},"end":{"line":3,"column":28}},"2":{"start":{"line":4,"column":0},"end":{"line":4,"column":31}},"3":{"start":{"line":6,"column":17},"end":{"line":21,"column":2}},"4":{"start":{"line":6,"column":55},"end":{"line":21,"column":2}},"5":{"start":{"line":7,"column":18},"end":{"line":7,"column":32}},"6":{"start":{"line":8,"column":21},"end":{"line":8,"column":38}},"7":{"start":{"line":9,"column":4},"end":{"line":12,"column":5}},"8":{"start":{"line":10,"column":8},"end":{"line":10,"column":64}},"9":{"start":{"line":11,"column":8},"end":{"line":11,"column":15}},"10":{"start":{"line":13,"column":4},"end":{"line":20,"column":5}},"11":{"start":{"line":14,"column":21},"end":{"line":14,"column":45}},"12":{"start":{"line":15,"column":31},"end":{"line":15,"column":64}},"13":{"start":{"line":16,"column":24},"end":{"line":16,"column":90}},"14":{"start":{"line":17,"column":8},"end":{"line":17,"column":38}},"15":{"start":{"line":19,"column":8},"end":{"line":19,"column":36}},"16":{"start":{"line":23,"column":23},"end":{"line":39,"column":1}},"17":{"start":{"line":24,"column":4},"end":{"line":26,"column":5}},"18":{"start":{"line":25,"column":8},"end":{"line":25,"column":20}},"19":{"start":{"line":27,"column":17},"end":{"line":27,"column":30}},"20":{"start":{"line":28,"column":24},"end":{"line":31,"column":null}},"21":{"start":{"line":33,"column":25},"end":{"line":36,"column":null}},"22":{"start":{"line":38,"column":4},"end":{"line":38,"column":68}},"23":{"start":{"line":41,"column":14},"end":{"line":79,"column":2}},"24":{"start":{"line":41,"column":52},"end":{"line":79,"column":2}},"25":{"start":{"line":42,"column":18},"end":{"line":42,"column":32}},"26":{"start":{"line":43,"column":21},"end":{"line":43,"column":38}},"27":{"start":{"line":44,"column":4},"end":{"line":47,"column":5}},"28":{"start":{"line":45,"column":8},"end":{"line":45,"column":56}},"29":{"start":{"line":46,"column":8},"end":{"line":46,"column":15}},"30":{"start":{"line":48,"column":4},"end":{"line":78,"column":5}},"31":{"start":{"line":49,"column":21},"end":{"line":49,"column":62}},"32":{"start":{"line":50,"column":8},"end":{"line":53,"column":9}},"33":{"start":{"line":51,"column":12},"end":{"line":51,"column":51}},"34":{"start":{"line":52,"column":12},"end":{"line":52,"column":19}},"35":{"start":{"line":54,"column":30},"end":{"line":54,"column":75}},"36":{"start":{"line":55,"column":8},"end":{"line":58,"column":9}},"37":{"start":{"line":56,"column":12},"end":{"line":56,"column":62}},"38":{"start":{"line":57,"column":12},"end":{"line":57,"column":19}},"39":{"start":{"line":59,"column":31},"end":{"line":59,"column":50}},"40":{"start":{"line":60,"column":23},"end":{"line":60,"column":45}},"41":{"start":{"line":61,"column":8},"end":{"line":64,"column":9}},"42":{"start":{"line":62,"column":12},"end":{"line":62,"column":63}},"43":{"start":{"line":63,"column":12},"end":{"line":63,"column":19}},"44":{"start":{"line":65,"column":8},"end":{"line":67,"column":9}},"45":{"start":{"line":66,"column":12},"end":{"line":66,"column":36}},"46":{"start":{"line":68,"column":8},"end":{"line":68,"column":53}},"47":{"start":{"line":69,"column":8},"end":{"line":69,"column":26}},"48":{"start":{"line":70,"column":8},"end":{"line":75,"column":11}},"49":{"start":{"line":77,"column":8},"end":{"line":77,"column":34}},"50":{"start":{"line":81,"column":15},"end":{"line":116,"column":2}},"51":{"start":{"line":81,"column":53},"end":{"line":116,"column":2}},"52":{"start":{"line":82,"column":25},"end":{"line":82,"column":46}},"53":{"start":{"line":83,"column":4},"end":{"line":86,"column":5}},"54":{"start":{"line":84,"column":8},"end":{"line":84,"column":58}},"55":{"start":{"line":85,"column":8},"end":{"line":85,"column":15}},"56":{"start":{"line":87,"column":4},"end":{"line":90,"column":5}},"57":{"start":{"line":88,"column":8},"end":{"line":88,"column":46}},"58":{"start":{"line":89,"column":8},"end":{"line":89,"column":15}},"59":{"start":{"line":91,"column":4},"end":{"line":115,"column":7}},"60":{"start":{"line":91,"column":85},"end":{"line":115,"column":6}},"61":{"start":{"line":92,"column":8},"end":{"line":95,"column":9}},"62":{"start":{"line":93,"column":12},"end":{"line":93,"column":50}},"63":{"start":{"line":94,"column":12},"end":{"line":94,"column":19}},"64":{"start":{"line":96,"column":24},"end":{"line":96,"column":44}},"65":{"start":{"line":97,"column":8},"end":{"line":114,"column":9}},"66":{"start":{"line":98,"column":25},"end":{"line":98,"column":70}},"67":{"start":{"line":99,"column":12},"end":{"line":102,"column":13}},"68":{"start":{"line":100,"column":16},"end":{"line":100,"column":54}},"69":{"start":{"line":101,"column":16},"end":{"line":101,"column":23}},"70":{"start":{"line":103,"column":12},"end":{"line":108,"column":13}},"71":{"start":{"line":104,"column":16},"end":{"line":104,"column":54}},"72":{"start":{"line":105,"column":16},"end":{"line":105,"column":40}},"73":{"start":{"line":106,"column":16},"end":{"line":106,"column":34}},"74":{"start":{"line":107,"column":16},"end":{"line":107,"column":23}},"75":{"start":{"line":109,"column":12},"end":{"line":109,"column":94}},"76":{"start":{"line":109,"column":70},"end":{"line":109,"column":92}},"77":{"start":{"line":110,"column":12},"end":{"line":110,"column":30}},"78":{"start":{"line":111,"column":12},"end":{"line":111,"column":54}},"79":{"start":{"line":113,"column":12},"end":{"line":113,"column":50}},"80":{"start":{"line":118,"column":16},"end":{"line":165,"column":2}},"81":{"start":{"line":118,"column":54},"end":{"line":165,"column":2}},"82":{"start":{"line":120,"column":25},"end":{"line":120,"column":46}},"83":{"start":{"line":121,"column":4},"end":{"line":124,"column":5}},"84":{"start":{"line":122,"column":8},"end":{"line":122,"column":54}},"85":{"start":{"line":123,"column":8},"end":{"line":123,"column":15}},"86":{"start":{"line":125,"column":4},"end":{"line":128,"column":5}},"87":{"start":{"line":126,"column":8},"end":{"line":126,"column":59}},"88":{"start":{"line":127,"column":8},"end":{"line":127,"column":15}},"89":{"start":{"line":129,"column":4},"end":{"line":164,"column":7}},"90":{"start":{"line":129,"column":85},"end":{"line":164,"column":6}},"91":{"start":{"line":130,"column":8},"end":{"line":133,"column":9}},"92":{"start":{"line":131,"column":12},"end":{"line":131,"column":50}},"93":{"start":{"line":132,"column":12},"end":{"line":132,"column":19}},"94":{"start":{"line":134,"column":24},"end":{"line":134,"column":44}},"95":{"start":{"line":135,"column":8},"end":{"line":163,"column":9}},"96":{"start":{"line":136,"column":25},"end":{"line":136,"column":70}},"97":{"start":{"line":137,"column":12},"end":{"line":140,"column":13}},"98":{"start":{"line":138,"column":16},"end":{"line":138,"column":54}},"99":{"start":{"line":139,"column":16},"end":{"line":139,"column":23}},"100":{"start":{"line":141,"column":12},"end":{"line":146,"column":13}},"101":{"start":{"line":142,"column":16},"end":{"line":142,"column":40}},"102":{"start":{"line":143,"column":16},"end":{"line":143,"column":34}},"103":{"start":{"line":144,"column":16},"end":{"line":144,"column":54}},"104":{"start":{"line":145,"column":16},"end":{"line":145,"column":23}},"105":{"start":{"line":147,"column":30},"end":{"line":147,"column":65}},"106":{"start":{"line":148,"column":12},"end":{"line":153,"column":13}},"107":{"start":{"line":149,"column":16},"end":{"line":149,"column":40}},"108":{"start":{"line":150,"column":16},"end":{"line":150,"column":34}},"109":{"start":{"line":151,"column":16},"end":{"line":151,"column":67}},"110":{"start":{"line":152,"column":16},"end":{"line":152,"column":23}},"111":{"start":{"line":154,"column":12},"end":{"line":154,"column":94}},"112":{"start":{"line":154,"column":70},"end":{"line":154,"column":92}},"113":{"start":{"line":155,"column":12},"end":{"line":155,"column":60}},"114":{"start":{"line":156,"column":12},"end":{"line":156,"column":30}},"115":{"start":{"line":157,"column":12},"end":{"line":160,"column":15}},"116":{"start":{"line":162,"column":12},"end":{"line":162,"column":50}},"117":{"start":{"line":171,"column":30},"end":{"line":195,"column":1}},"118":{"start":{"line":172,"column":4},"end":{"line":194,"column":1}},"119":{"start":{"line":173,"column":23},"end":{"line":173,"column":51}},"120":{"start":{"line":174,"column":18},"end":{"line":174,"column":56}},"121":{"start":{"line":175,"column":4},"end":{"line":178,"column":5}},"122":{"start":{"line":176,"column":8},"end":{"line":176,"column":46}},"123":{"start":{"line":177,"column":8},"end":{"line":177,"column":15}},"124":{"start":{"line":179,"column":4},"end":{"line":182,"column":5}},"125":{"start":{"line":180,"column":8},"end":{"line":180,"column":59}},"126":{"start":{"line":181,"column":8},"end":{"line":181,"column":15}},"127":{"start":{"line":183,"column":4},"end":{"line":191,"column":7}},"128":{"start":{"line":184,"column":8},"end":{"line":187,"column":9}},"129":{"start":{"line":185,"column":12},"end":{"line":185,"column":50}},"130":{"start":{"line":186,"column":12},"end":{"line":186,"column":19}},"131":{"start":{"line":188,"column":24},"end":{"line":188,"column":44}},"132":{"start":{"line":189,"column":8},"end":{"line":189,"column":39}},"133":{"start":{"line":190,"column":8},"end":{"line":190,"column":15}},"134":{"start":{"line":193,"column":4},"end":{"line":193,"column":30}},"135":{"start":{"line":171,"column":13},"end":{"line":171,"column":30}},"136":{"start":{"line":197,"column":0},"end":{"line":197,"column":52}}},"fnMap":{"0":{"name":"(anonymous_8)","decl":{"start":{"line":6,"column":17},"end":{"line":6,"column":24}},"loc":{"start":{"line":6,"column":55},"end":{"line":21,"column":2}}},"1":{"name":"(anonymous_9)","decl":{"start":{"line":6,"column":55},"end":{"line":6,"column":null}},"loc":{"start":{"line":6,"column":55},"end":{"line":21,"column":1}}},"2":{"name":"(anonymous_10)","decl":{"start":{"line":23,"column":23},"end":{"line":23,"column":24}},"loc":{"start":{"line":23,"column":93},"end":{"line":39,"column":1}}},"3":{"name":"(anonymous_11)","decl":{"start":{"line":41,"column":14},"end":{"line":41,"column":21}},"loc":{"start":{"line":41,"column":52},"end":{"line":79,"column":2}}},"4":{"name":"(anonymous_12)","decl":{"start":{"line":41,"column":52},"end":{"line":41,"column":null}},"loc":{"start":{"line":41,"column":52},"end":{"line":79,"column":1}}},"5":{"name":"(anonymous_13)","decl":{"start":{"line":81,"column":15},"end":{"line":81,"column":22}},"loc":{"start":{"line":81,"column":53},"end":{"line":116,"column":2}}},"6":{"name":"(anonymous_14)","decl":{"start":{"line":81,"column":53},"end":{"line":81,"column":null}},"loc":{"start":{"line":81,"column":53},"end":{"line":116,"column":1}}},"7":{"name":"(anonymous_15)","decl":{"start":{"line":91,"column":55},"end":{"line":91,"column":62}},"loc":{"start":{"line":91,"column":85},"end":{"line":115,"column":6}}},"8":{"name":"(anonymous_16)","decl":{"start":{"line":91,"column":85},"end":{"line":91,"column":null}},"loc":{"start":{"line":91,"column":85},"end":{"line":115,"column":5}}},"9":{"name":"(anonymous_17)","decl":{"start":{"line":109,"column":59},"end":{"line":109,"column":60}},"loc":{"start":{"line":109,"column":70},"end":{"line":109,"column":92}}},"10":{"name":"(anonymous_18)","decl":{"start":{"line":118,"column":16},"end":{"line":118,"column":23}},"loc":{"start":{"line":118,"column":54},"end":{"line":165,"column":2}}},"11":{"name":"(anonymous_19)","decl":{"start":{"line":118,"column":54},"end":{"line":118,"column":null}},"loc":{"start":{"line":118,"column":54},"end":{"line":165,"column":1}}},"12":{"name":"(anonymous_20)","decl":{"start":{"line":129,"column":55},"end":{"line":129,"column":62}},"loc":{"start":{"line":129,"column":85},"end":{"line":164,"column":6}}},"13":{"name":"(anonymous_21)","decl":{"start":{"line":129,"column":85},"end":{"line":129,"column":null}},"loc":{"start":{"line":129,"column":85},"end":{"line":164,"column":5}}},"14":{"name":"(anonymous_22)","decl":{"start":{"line":154,"column":59},"end":{"line":154,"column":60}},"loc":{"start":{"line":154,"column":70},"end":{"line":154,"column":92}}},"15":{"name":"(anonymous_23)","decl":{"start":{"line":171,"column":30},"end":{"line":171,"column":31}},"loc":{"start":{"line":171,"column":82},"end":{"line":195,"column":1}}},"16":{"name":"(anonymous_24)","decl":{"start":{"line":183,"column":48},"end":{"line":183,"column":49}},"loc":{"start":{"line":183,"column":67},"end":{"line":191,"column":5}}}},"branchMap":{"0":{"loc":{"start":{"line":9,"column":4},"end":{"line":12,"column":5}},"type":"if","locations":[{"start":{"line":9,"column":4},"end":{"line":12,"column":5}}]},"1":{"loc":{"start":{"line":9,"column":8},"end":{"line":9,"column":27}},"type":"binary-expr","locations":[{"start":{"line":9,"column":8},"end":{"line":9,"column":14}},{"start":{"line":9,"column":18},"end":{"line":9,"column":27}}]},"2":{"loc":{"start":{"line":24,"column":4},"end":{"line":26,"column":5}},"type":"if","locations":[{"start":{"line":24,"column":4},"end":{"line":26,"column":5}}]},"3":{"loc":{"start":{"line":44,"column":4},"end":{"line":47,"column":5}},"type":"if","locations":[{"start":{"line":44,"column":4},"end":{"line":47,"column":5}}]},"4":{"loc":{"start":{"line":44,"column":8},"end":{"line":44,"column":27}},"type":"binary-expr","locations":[{"start":{"line":44,"column":8},"end":{"line":44,"column":14}},{"start":{"line":44,"column":18},"end":{"line":44,"column":27}}]},"5":{"loc":{"start":{"line":50,"column":8},"end":{"line":53,"column":9}},"type":"if","locations":[{"start":{"line":50,"column":8},"end":{"line":53,"column":9}}]},"6":{"loc":{"start":{"line":55,"column":8},"end":{"line":58,"column":9}},"type":"if","locations":[{"start":{"line":55,"column":8},"end":{"line":58,"column":9}}]},"7":{"loc":{"start":{"line":61,"column":8},"end":{"line":64,"column":9}},"type":"if","locations":[{"start":{"line":61,"column":8},"end":{"line":64,"column":9}}]},"8":{"loc":{"start":{"line":65,"column":8},"end":{"line":67,"column":9}},"type":"if","locations":[{"start":{"line":65,"column":8},"end":{"line":67,"column":9}}]},"9":{"loc":{"start":{"line":83,"column":4},"end":{"line":86,"column":5}},"type":"if","locations":[{"start":{"line":83,"column":4},"end":{"line":86,"column":5}}]},"10":{"loc":{"start":{"line":87,"column":4},"end":{"line":90,"column":5}},"type":"if","locations":[{"start":{"line":87,"column":4},"end":{"line":90,"column":5}}]},"11":{"loc":{"start":{"line":92,"column":8},"end":{"line":95,"column":9}},"type":"if","locations":[{"start":{"line":92,"column":8},"end":{"line":95,"column":9}}]},"12":{"loc":{"start":{"line":99,"column":12},"end":{"line":102,"column":13}},"type":"if","locations":[{"start":{"line":99,"column":12},"end":{"line":102,"column":13}}]},"13":{"loc":{"start":{"line":103,"column":12},"end":{"line":108,"column":13}},"type":"if","locations":[{"start":{"line":103,"column":12},"end":{"line":108,"column":13}}]},"14":{"loc":{"start":{"line":103,"column":16},"end":{"line":103,"column":81}},"type":"binary-expr","locations":[{"start":{"line":103,"column":16},"end":{"line":103,"column":35}},{"start":{"line":103,"column":39},"end":{"line":103,"column":81}}]},"15":{"loc":{"start":{"line":121,"column":4},"end":{"line":124,"column":5}},"type":"if","locations":[{"start":{"line":121,"column":4},"end":{"line":124,"column":5}}]},"16":{"loc":{"start":{"line":125,"column":4},"end":{"line":128,"column":5}},"type":"if","locations":[{"start":{"line":125,"column":4},"end":{"line":128,"column":5}}]},"17":{"loc":{"start":{"line":130,"column":8},"end":{"line":133,"column":9}},"type":"if","locations":[{"start":{"line":130,"column":8},"end":{"line":133,"column":9}}]},"18":{"loc":{"start":{"line":137,"column":12},"end":{"line":140,"column":13}},"type":"if","locations":[{"start":{"line":137,"column":12},"end":{"line":140,"column":13}}]},"19":{"loc":{"start":{"line":141,"column":12},"end":{"line":146,"column":13}},"type":"if","locations":[{"start":{"line":141,"column":12},"end":{"line":146,"column":13}}]},"20":{"loc":{"start":{"line":141,"column":16},"end":{"line":141,"column":81}},"type":"binary-expr","locations":[{"start":{"line":141,"column":16},"end":{"line":141,"column":35}},{"start":{"line":141,"column":39},"end":{"line":141,"column":81}}]},"21":{"loc":{"start":{"line":148,"column":12},"end":{"line":153,"column":13}},"type":"if","locations":[{"start":{"line":148,"column":12},"end":{"line":153,"column":13}}]},"22":{"loc":{"start":{"line":174,"column":18},"end":{"line":174,"column":56}},"type":"binary-expr","locations":[{"start":{"line":174,"column":18},"end":{"line":174,"column":28}},{"start":{"line":174,"column":32},"end":{"line":174,"column":56}}]},"23":{"loc":{"start":{"line":175,"column":4},"end":{"line":178,"column":5}},"type":"if","locations":[{"start":{"line":175,"column":4},"end":{"line":178,"column":5}}]},"24":{"loc":{"start":{"line":179,"column":4},"end":{"line":182,"column":5}},"type":"if","locations":[{"start":{"line":179,"column":4},"end":{"line":182,"column":5}}]},"25":{"loc":{"start":{"line":184,"column":8},"end":{"line":187,"column":9}},"type":"if","locations":[{"start":{"line":184,"column":8},"end":{"line":187,"column":9}}]}},"s":{"0":3,"1":3,"2":3,"3":3,"4":4,"5":4,"6":4,"7":4,"8":0,"9":0,"10":4,"11":4,"12":4,"13":4,"14":3,"15":1,"16":3,"17":9,"18":0,"19":9,"20":9,"21":9,"22":9,"23":3,"24":6,"25":6,"26":6,"27":6,"28":0,"29":0,"30":6,"31":6,"32":6,"33":0,"34":0,"35":6,"36":6,"37":0,"38":0,"39":6,"40":6,"41":6,"42":0,"43":0,"44":6,"45":0,"46":6,"47":6,"48":6,"49":0,"50":3,"51":1,"52":1,"53":1,"54":0,"55":0,"56":1,"57":0,"58":0,"59":1,"60":1,"61":1,"62":0,"63":0,"64":1,"65":1,"66":1,"67":1,"68":0,"69":0,"70":1,"71":0,"72":0,"73":0,"74":0,"75":1,"76":2,"77":1,"78":1,"79":0,"80":3,"81":6,"82":6,"83":6,"84":0,"85":0,"86":6,"87":0,"88":0,"89":6,"90":6,"91":6,"92":0,"93":0,"94":6,"95":6,"96":6,"97":6,"98":0,"99":0,"100":6,"101":3,"102":3,"103":3,"104":3,"105":3,"106":3,"107":0,"108":0,"109":0,"110":0,"111":3,"112":4,"113":3,"114":3,"115":3,"116":0,"117":3,"118":16,"119":16,"120":16,"121":16,"122":3,"123":3,"124":13,"125":0,"126":0,"127":13,"128":13,"129":2,"130":2,"131":11,"132":11,"133":11,"134":0,"135":3,"136":3},"f":{"0":4,"1":4,"2":9,"3":6,"4":6,"5":1,"6":1,"7":1,"8":1,"9":2,"10":6,"11":6,"12":6,"13":6,"14":4,"15":16,"16":13},"b":{"0":[0],"1":[4,4],"2":[0],"3":[0],"4":[6,6],"5":[0],"6":[0],"7":[0],"8":[0],"9":[0],"10":[0],"11":[0],"12":[0],"13":[0],"14":[1,1],"15":[0],"16":[0],"17":[0],"18":[0],"19":[3],"20":[6,6],"21":[0],"22":[16,13],"23":[3],"24":[0],"25":[2]}}
,"C:\\temp\\Posts\\src\\controllers\\base_controller.ts": {"path":"C:\\temp\\Posts\\src\\controllers\\base_controller.ts","statementMap":{"0":{"start":{"line":9,"column":8},"end":{"line":9,"column":27}},"1":{"start":{"line":12,"column":23},"end":{"line":12,"column":32}},"2":{"start":{"line":13,"column":8},"end":{"line":13,"column":28}},"3":{"start":{"line":14,"column":8},"end":{"line":20,"column":9}},"4":{"start":{"line":16,"column":25},"end":{"line":16,"column":61}},"5":{"start":{"line":17,"column":12},"end":{"line":17,"column":34}},"6":{"start":{"line":19,"column":12},"end":{"line":19,"column":45}},"7":{"start":{"line":23,"column":19},"end":{"line":23,"column":32}},"8":{"start":{"line":24,"column":8},"end":{"line":35,"column":9}},"9":{"start":{"line":25,"column":10},"end":{"line":34,"column":11}},"10":{"start":{"line":26,"column":25},"end":{"line":26,"column":54}},"11":{"start":{"line":27,"column":12},"end":{"line":31,"column":13}},"12":{"start":{"line":28,"column":14},"end":{"line":28,"column":36}},"13":{"start":{"line":30,"column":14},"end":{"line":30,"column":60}},"14":{"start":{"line":33,"column":12},"end":{"line":33,"column":45}},"15":{"start":{"line":36,"column":8},"end":{"line":36,"column":50}},"16":{"start":{"line":41,"column":19},"end":{"line":41,"column":32}},"17":{"start":{"line":42,"column":27},"end":{"line":42,"column":35}},"18":{"start":{"line":43,"column":8},"end":{"line":52,"column":9}},"19":{"start":{"line":44,"column":25},"end":{"line":44,"column":90}},"20":{"start":{"line":45,"column":12},"end":{"line":49,"column":13}},"21":{"start":{"line":46,"column":16},"end":{"line":46,"column":50}},"22":{"start":{"line":48,"column":16},"end":{"line":48,"column":62}},"23":{"start":{"line":51,"column":12},"end":{"line":51,"column":45}},"24":{"start":{"line":56,"column":8},"end":{"line":61,"column":9}},"25":{"start":{"line":57,"column":25},"end":{"line":57,"column":58}},"26":{"start":{"line":58,"column":12},"end":{"line":58,"column":39}},"27":{"start":{"line":60,"column":12},"end":{"line":60,"column":38}},"28":{"start":{"line":65,"column":19},"end":{"line":65,"column":32}},"29":{"start":{"line":66,"column":8},"end":{"line":71,"column":9}},"30":{"start":{"line":67,"column":12},"end":{"line":67,"column":51}},"31":{"start":{"line":68,"column":12},"end":{"line":68,"column":57}},"32":{"start":{"line":70,"column":12},"end":{"line":70,"column":38}},"33":{"start":{"line":75,"column":32},"end":{"line":77,"column":1}},"34":{"start":{"line":76,"column":0},"end":{"line":76,"column":33}},"35":{"start":{"line":75,"column":13},"end":{"line":75,"column":32}},"36":{"start":{"line":78,"column":0},"end":{"line":78,"column":null}}},"fnMap":{"0":{"name":"(anonymous_7)","decl":{"start":{"line":8,"column":4},"end":{"line":8,"column":16}},"loc":{"start":{"line":8,"column":26},"end":{"line":10,"column":5}}},"1":{"name":"(anonymous_8)","decl":{"start":{"line":11,"column":10},"end":{"line":11,"column":16}},"loc":{"start":{"line":11,"column":44},"end":{"line":21,"column":6}}},"2":{"name":"(anonymous_10)","decl":{"start":{"line":22,"column":10},"end":{"line":22,"column":17}},"loc":{"start":{"line":22,"column":45},"end":{"line":37,"column":8}}},"3":{"name":"(anonymous_12)","decl":{"start":{"line":40,"column":10},"end":{"line":40,"column":20}},"loc":{"start":{"line":40,"column":47},"end":{"line":53,"column":6}}},"4":{"name":"(anonymous_14)","decl":{"start":{"line":55,"column":10},"end":{"line":55,"column":20}},"loc":{"start":{"line":55,"column":46},"end":{"line":62,"column":6}}},"5":{"name":"(anonymous_16)","decl":{"start":{"line":64,"column":10},"end":{"line":64,"column":20}},"loc":{"start":{"line":64,"column":47},"end":{"line":72,"column":6}}},"6":{"name":"(anonymous_18)","decl":{"start":{"line":75,"column":32},"end":{"line":75,"column":36}},"loc":{"start":{"line":75,"column":53},"end":{"line":77,"column":1}}}},"branchMap":{"0":{"loc":{"start":{"line":24,"column":8},"end":{"line":35,"column":9}},"type":"if","locations":[{"start":{"line":24,"column":8},"end":{"line":35,"column":9}}]},"1":{"loc":{"start":{"line":27,"column":12},"end":{"line":31,"column":13}},"type":"if","locations":[{"start":{"line":27,"column":12},"end":{"line":31,"column":13}},{"start":{"line":29,"column":19},"end":{"line":31,"column":13}}]},"2":{"loc":{"start":{"line":45,"column":12},"end":{"line":49,"column":13}},"type":"if","locations":[{"start":{"line":45,"column":12},"end":{"line":49,"column":13}},{"start":{"line":47,"column":19},"end":{"line":49,"column":13}}]}},"s":{"0":6,"1":6,"2":6,"3":6,"4":6,"5":6,"6":0,"7":5,"8":5,"9":5,"10":5,"11":4,"12":2,"13":2,"14":1,"15":0,"16":2,"17":2,"18":2,"19":2,"20":2,"21":2,"22":0,"23":0,"24":7,"25":7,"26":7,"27":0,"28":2,"29":2,"30":2,"31":2,"32":0,"33":3,"34":0,"35":3,"36":3},"f":{"0":6,"1":6,"2":5,"3":2,"4":7,"5":2,"6":0},"b":{"0":[5],"1":[2,2],"2":[2,0]}}
,"C:\\temp\\Posts\\src\\controllers\\comment_controller.ts": {"path":"C:\\temp\\Posts\\src\\controllers\\comment_controller.ts","statementMap":{"0":{"start":{"line":2,"column":0},"end":{"line":2,"column":65}},"1":{"start":{"line":5,"column":0},"end":{"line":5,"column":47}},"2":{"start":{"line":9,"column":8},"end":{"line":9,"column":21}},"3":{"start":{"line":13,"column":8},"end":{"line":23,"column":9}},"4":{"start":{"line":14,"column":24},"end":{"line":14,"column":40}},"5":{"start":{"line":15,"column":25},"end":{"line":17,"column":null}},"6":{"start":{"line":19,"column":12},"end":{"line":19,"column":31}},"7":{"start":{"line":20,"column":12},"end":{"line":20,"column":46}},"8":{"start":{"line":22,"column":12},"end":{"line":22,"column":40}},"9":{"start":{"line":27,"column":0},"end":{"line":27,"column":null}}},"fnMap":{"0":{"name":"(anonymous_8)","decl":{"start":{"line":8,"column":4},"end":{"line":8,"column":16}},"loc":{"start":{"line":8,"column":38},"end":{"line":10,"column":5}}},"1":{"name":"(anonymous_9)","decl":{"start":{"line":12,"column":10},"end":{"line":12,"column":20}},"loc":{"start":{"line":12,"column":48},"end":{"line":24,"column":null}}}},"branchMap":{},"s":{"0":3,"1":3,"2":3,"3":2,"4":2,"5":2,"6":2,"7":2,"8":0,"9":3},"f":{"0":3,"1":2},"b":{}}
,"C:\\temp\\Posts\\src\\controllers\\post_controller.ts": {"path":"C:\\temp\\Posts\\src\\controllers\\post_controller.ts","statementMap":{"0":{"start":{"line":2,"column":0},"end":{"line":2,"column":56}},"1":{"start":{"line":5,"column":0},"end":{"line":5,"column":47}},"2":{"start":{"line":9,"column":8},"end":{"line":9,"column":21}},"3":{"start":{"line":13,"column":8},"end":{"line":23,"column":9}},"4":{"start":{"line":14,"column":24},"end":{"line":14,"column":40}},"5":{"start":{"line":15,"column":22},"end":{"line":17,"column":null}},"6":{"start":{"line":19,"column":12},"end":{"line":19,"column":28}},"7":{"start":{"line":20,"column":12},"end":{"line":20,"column":46}},"8":{"start":{"line":22,"column":12},"end":{"line":22,"column":40}},"9":{"start":{"line":28,"column":0},"end":{"line":28,"column":null}}},"fnMap":{"0":{"name":"(anonymous_8)","decl":{"start":{"line":8,"column":4},"end":{"line":8,"column":16}},"loc":{"start":{"line":8,"column":35},"end":{"line":10,"column":5}}},"1":{"name":"(anonymous_9)","decl":{"start":{"line":12,"column":10},"end":{"line":12,"column":20}},"loc":{"start":{"line":12,"column":48},"end":{"line":24,"column":null}}}},"branchMap":{},"s":{"0":3,"1":3,"2":3,"3":5,"4":5,"5":5,"6":5,"7":5,"8":0,"9":3},"f":{"0":3,"1":5},"b":{}}
,"C:\\temp\\Posts\\src\\models\\comment_model.ts": {"path":"C:\\temp\\Posts\\src\\models\\comment_model.ts","statementMap":{"0":{"start":{"line":1,"column":0},"end":{"line":1,"column":32}},"1":{"start":{"line":2,"column":15},"end":{"line":2,"column":30}},"2":{"start":{"line":9,"column":22},"end":{"line":22,"column":4}},"3":{"start":{"line":25,"column":17},"end":{"line":25,"column":67}},"4":{"start":{"line":26,"column":0},"end":{"line":26,"column":24}}},"fnMap":{},"branchMap":{},"s":{"0":3,"1":3,"2":3,"3":3,"4":3},"f":{},"b":{}}
,"C:\\temp\\Posts\\src\\models\\post_model.ts": {"path":"C:\\temp\\Posts\\src\\models\\post_model.ts","statementMap":{"0":{"start":{"line":1,"column":0},"end":{"line":1,"column":32}},"1":{"start":{"line":10,"column":15},"end":{"line":10,"column":30}},"2":{"start":{"line":11,"column":19},"end":{"line":22,"column":2}},"3":{"start":{"line":24,"column":18},"end":{"line":24,"column":59}},"4":{"start":{"line":25,"column":0},"end":{"line":25,"column":null}}},"fnMap":{},"branchMap":{},"s":{"0":3,"1":3,"2":3,"3":3,"4":3},"f":{},"b":{}}
,"C:\\temp\\Posts\\src\\models\\user_model.ts": {"path":"C:\\temp\\Posts\\src\\models\\user_model.ts","statementMap":{"0":{"start":{"line":1,"column":0},"end":{"line":1,"column":32}},"1":{"start":{"line":2,"column":15},"end":{"line":2,"column":30}},"2":{"start":{"line":9,"column":19},"end":{"line":20,"column":5}},"3":{"start":{"line":23,"column":17},"end":{"line":23,"column":51}},"4":{"start":{"line":24,"column":0},"end":{"line":24,"column":24}}},"fnMap":{},"branchMap":{},"s":{"0":3,"1":3,"2":3,"3":3,"4":3},"f":{},"b":{}}
,"C:\\temp\\Posts\\src\\routes\\auth_routes.ts": {"path":"C:\\temp\\Posts\\src\\routes\\auth_routes.ts","statementMap":{"0":{"start":{"line":1,"column":0},"end":{"line":1,"column":53}},"1":{"start":{"line":2,"column":0},"end":{"line":2,"column":60}},"2":{"start":{"line":4,"column":15},"end":{"line":4,"column":31}},"3":{"start":{"line":69,"column":0},"end":{"line":69,"column":50}},"4":{"start":{"line":112,"column":0},"end":{"line":112,"column":44}},"5":{"start":{"line":138,"column":0},"end":{"line":138,"column":46}},"6":{"start":{"line":178,"column":0},"end":{"line":178,"column":48}},"7":{"start":{"line":180,"column":0},"end":{"line":180,"column":22}}},"fnMap":{},"branchMap":{},"s":{"0":3,"1":3,"2":3,"3":3,"4":3,"5":3,"6":3,"7":3},"f":{},"b":{}}
,"C:\\temp\\Posts\\src\\routes\\comment_routes.ts": {"path":"C:\\temp\\Posts\\src\\routes\\comment_routes.ts","statementMap":{"0":{"start":{"line":1,"column":0},"end":{"line":1,"column":53}},"1":{"start":{"line":2,"column":16},"end":{"line":2,"column":32}},"2":{"start":{"line":3,"column":0},"end":{"line":3,"column":66}},"3":{"start":{"line":4,"column":0},"end":{"line":4,"column":62}},"4":{"start":{"line":47,"column":0},"end":{"line":49,"column":3}},"5":{"start":{"line":48,"column":4},"end":{"line":48,"column":39}},"6":{"start":{"line":87,"column":0},"end":{"line":89,"column":3}},"7":{"start":{"line":88,"column":4},"end":{"line":88,"column":null}},"8":{"start":{"line":147,"column":0},"end":{"line":147,"column":85}},"9":{"start":{"line":203,"column":0},"end":{"line":205,"column":3}},"10":{"start":{"line":204,"column":4},"end":{"line":204,"column":null}},"11":{"start":{"line":228,"column":0},"end":{"line":228,"column":91}},"12":{"start":{"line":230,"column":0},"end":{"line":230,"column":22}}},"fnMap":{"0":{"name":"(anonymous_1)","decl":{"start":{"line":47,"column":16},"end":{"line":47,"column":17}},"loc":{"start":{"line":47,"column":48},"end":{"line":49,"column":1}}},"1":{"name":"(anonymous_2)","decl":{"start":{"line":87,"column":18},"end":{"line":87,"column":19}},"loc":{"start":{"line":87,"column":50},"end":{"line":89,"column":1}}},"2":{"name":"(anonymous_3)","decl":{"start":{"line":203,"column":33},"end":{"line":203,"column":34}},"loc":{"start":{"line":203,"column":45},"end":{"line":205,"column":1}}}},"branchMap":{},"s":{"0":3,"1":3,"2":3,"3":3,"4":3,"5":3,"6":3,"7":2,"8":3,"9":3,"10":1,"11":3,"12":3},"f":{"0":3,"1":2,"2":1},"b":{}}
,"C:\\temp\\Posts\\src\\routes\\post_routes.ts": {"path":"C:\\temp\\Posts\\src\\routes\\post_routes.ts","statementMap":{"0":{"start":{"line":1,"column":0},"end":{"line":1,"column":53}},"1":{"start":{"line":2,"column":16},"end":{"line":2,"column":32}},"2":{"start":{"line":3,"column":0},"end":{"line":3,"column":60}},"3":{"start":{"line":4,"column":0},"end":{"line":4,"column":62}},"4":{"start":{"line":47,"column":0},"end":{"line":49,"column":3}},"5":{"start":{"line":48,"column":4},"end":{"line":48,"column":36}},"6":{"start":{"line":87,"column":0},"end":{"line":89,"column":3}},"7":{"start":{"line":88,"column":4},"end":{"line":88,"column":null}},"8":{"start":{"line":142,"column":0},"end":{"line":142,"column":79}},"9":{"start":{"line":202,"column":0},"end":{"line":204,"column":3}},"10":{"start":{"line":203,"column":4},"end":{"line":203,"column":null}},"11":{"start":{"line":227,"column":0},"end":{"line":227,"column":85}},"12":{"start":{"line":229,"column":0},"end":{"line":229,"column":22}}},"fnMap":{"0":{"name":"(anonymous_1)","decl":{"start":{"line":47,"column":16},"end":{"line":47,"column":17}},"loc":{"start":{"line":47,"column":48},"end":{"line":49,"column":1}}},"1":{"name":"(anonymous_2)","decl":{"start":{"line":87,"column":18},"end":{"line":87,"column":19}},"loc":{"start":{"line":87,"column":50},"end":{"line":89,"column":1}}},"2":{"name":"(anonymous_3)","decl":{"start":{"line":202,"column":33},"end":{"line":202,"column":34}},"loc":{"start":{"line":202,"column":45},"end":{"line":204,"column":1}}}},"branchMap":{},"s":{"0":3,"1":3,"2":3,"3":3,"4":3,"5":3,"6":3,"7":3,"8":3,"9":3,"10":1,"11":3,"12":3},"f":{"0":3,"1":3,"2":1},"b":{}}
}
