TN:
SF:src\server.ts
FN:21,(anonymous_1)
FN:40,(anonymous_2)
FN:41,(anonymous_3)
FN:46,(anonymous_4)
FN:48,(anonymous_5)
FNF:5
FNH:4
FNDA:3,(anonymous_1)
FNDA:3,(anonymous_2)
FNDA:3,(anonymous_3)
FNDA:3,(anonymous_4)
FNDA:0,(anonymous_5)
DA:1,3
DA:2,3
DA:3,3
DA:4,3
DA:5,3
DA:6,3
DA:7,3
DA:8,3
DA:9,3
DA:10,3
DA:11,3
DA:14,3
DA:15,3
DA:16,3
DA:17,3
DA:18,3
DA:19,3
DA:20,3
DA:21,3
DA:22,3
DA:25,3
DA:37,3
DA:38,3
DA:40,3
DA:41,3
DA:42,3
DA:43,0
DA:44,0
DA:46,3
DA:47,3
DA:49,0
DA:55,3
LF:32
LH:29
BRDA:42,0,0,0
BRDA:42,0,1,3
BRF:2
BRH:1
end_of_record
TN:
SF:src\controllers\auth_controller.ts
FN:6,(anonymous_8)
FN:6,(anonymous_9)
FN:23,(anonymous_10)
FN:41,(anonymous_11)
FN:41,(anonymous_12)
FN:81,(anonymous_13)
FN:81,(anonymous_14)
FN:91,(anonymous_15)
FN:91,(anonymous_16)
FN:109,(anonymous_17)
FN:118,(anonymous_18)
FN:118,(anonymous_19)
FN:129,(anonymous_20)
FN:129,(anonymous_21)
FN:154,(anonymous_22)
FN:171,(anonymous_23)
FN:183,(anonymous_24)
FNF:17
FNH:17
FNDA:4,(anonymous_8)
FNDA:4,(anonymous_9)
FNDA:9,(anonymous_10)
FNDA:6,(anonymous_11)
FNDA:6,(anonymous_12)
FNDA:1,(anonymous_13)
FNDA:1,(anonymous_14)
FNDA:1,(anonymous_15)
FNDA:1,(anonymous_16)
FNDA:2,(anonymous_17)
FNDA:6,(anonymous_18)
FNDA:6,(anonymous_19)
FNDA:6,(anonymous_20)
FNDA:6,(anonymous_21)
FNDA:4,(anonymous_22)
FNDA:16,(anonymous_23)
FNDA:13,(anonymous_24)
DA:2,3
DA:3,3
DA:4,3
DA:6,4
DA:7,4
DA:8,4
DA:9,4
DA:10,0
DA:11,0
DA:13,4
DA:14,4
DA:15,4
DA:16,4
DA:17,3
DA:19,1
DA:23,3
DA:24,9
DA:25,0
DA:27,9
DA:28,9
DA:33,9
DA:38,9
DA:41,6
DA:42,6
DA:43,6
DA:44,6
DA:45,0
DA:46,0
DA:48,6
DA:49,6
DA:50,6
DA:51,0
DA:52,0
DA:54,6
DA:55,6
DA:56,0
DA:57,0
DA:59,6
DA:60,6
DA:61,6
DA:62,0
DA:63,0
DA:65,6
DA:66,0
DA:68,6
DA:69,6
DA:70,6
DA:77,0
DA:81,3
DA:82,1
DA:83,1
DA:84,0
DA:85,0
DA:87,1
DA:88,0
DA:89,0
DA:91,1
DA:92,1
DA:93,0
DA:94,0
DA:96,1
DA:97,1
DA:98,1
DA:99,1
DA:100,0
DA:101,0
DA:103,1
DA:104,0
DA:105,0
DA:106,0
DA:107,0
DA:109,2
DA:110,1
DA:111,1
DA:113,0
DA:118,6
DA:120,6
DA:121,6
DA:122,0
DA:123,0
DA:125,6
DA:126,0
DA:127,0
DA:129,6
DA:130,6
DA:131,0
DA:132,0
DA:134,6
DA:135,6
DA:136,6
DA:137,6
DA:138,0
DA:139,0
DA:141,6
DA:142,3
DA:143,3
DA:144,3
DA:145,3
DA:147,3
DA:148,3
DA:149,0
DA:150,0
DA:151,0
DA:152,0
DA:154,4
DA:155,3
DA:156,3
DA:157,3
DA:162,0
DA:171,3
DA:172,16
DA:173,16
DA:174,16
DA:175,16
DA:176,3
DA:177,3
DA:179,13
DA:180,0
DA:181,0
DA:183,13
DA:184,13
DA:185,2
DA:186,2
DA:188,11
DA:189,11
DA:190,11
DA:193,0
DA:197,3
LF:128
LH:86
BRDA:9,0,0,0
BRDA:9,1,0,4
BRDA:9,1,1,4
BRDA:24,2,0,0
BRDA:44,3,0,0
BRDA:44,4,0,6
BRDA:44,4,1,6
BRDA:50,5,0,0
BRDA:55,6,0,0
BRDA:61,7,0,0
BRDA:65,8,0,0
BRDA:83,9,0,0
BRDA:87,10,0,0
BRDA:92,11,0,0
BRDA:99,12,0,0
BRDA:103,13,0,0
BRDA:103,14,0,1
BRDA:103,14,1,1
BRDA:121,15,0,0
BRDA:125,16,0,0
BRDA:130,17,0,0
BRDA:137,18,0,0
BRDA:141,19,0,3
BRDA:141,20,0,6
BRDA:141,20,1,6
BRDA:148,21,0,0
BRDA:174,22,0,16
BRDA:174,22,1,13
BRDA:175,23,0,3
BRDA:179,24,0,0
BRDA:184,25,0,2
BRF:31
BRH:13
end_of_record
TN:
SF:src\controllers\base_controller.ts
FN:8,(anonymous_7)
FN:11,(anonymous_8)
FN:22,(anonymous_10)
FN:40,(anonymous_12)
FN:55,(anonymous_14)
FN:64,(anonymous_16)
FN:75,(anonymous_18)
FNF:7
FNH:6
FNDA:6,(anonymous_7)
FNDA:6,(anonymous_8)
FNDA:5,(anonymous_10)
FNDA:2,(anonymous_12)
FNDA:7,(anonymous_14)
FNDA:2,(anonymous_16)
FNDA:0,(anonymous_18)
DA:9,6
DA:12,6
DA:13,6
DA:14,6
DA:16,6
DA:17,6
DA:19,0
DA:23,5
DA:24,5
DA:25,5
DA:26,5
DA:27,4
DA:28,2
DA:30,2
DA:33,1
DA:36,0
DA:41,2
DA:42,2
DA:43,2
DA:44,2
DA:45,2
DA:46,2
DA:48,0
DA:51,0
DA:56,7
DA:57,7
DA:58,7
DA:60,0
DA:65,2
DA:66,2
DA:67,2
DA:68,2
DA:70,0
DA:75,3
DA:76,0
DA:78,3
LF:36
LH:29
BRDA:24,0,0,5
BRDA:27,1,0,2
BRDA:27,1,1,2
BRDA:45,2,0,2
BRDA:45,2,1,0
BRF:5
BRH:4
end_of_record
TN:
SF:src\controllers\comment_controller.ts
FN:8,(anonymous_8)
FN:12,(anonymous_9)
FNF:2
FNH:2
FNDA:3,(anonymous_8)
FNDA:2,(anonymous_9)
DA:2,3
DA:5,3
DA:9,3
DA:13,2
DA:14,2
DA:15,2
DA:19,2
DA:20,2
DA:22,0
DA:27,3
LF:10
LH:9
BRF:0
BRH:0
end_of_record
TN:
SF:src\controllers\post_controller.ts
FN:8,(anonymous_8)
FN:12,(anonymous_9)
FNF:2
FNH:2
FNDA:3,(anonymous_8)
FNDA:5,(anonymous_9)
DA:2,3
DA:5,3
DA:9,3
DA:13,5
DA:14,5
DA:15,5
DA:19,5
DA:20,5
DA:22,0
DA:28,3
LF:10
LH:9
BRF:0
BRH:0
end_of_record
TN:
SF:src\models\comment_model.ts
FNF:0
FNH:0
DA:1,3
DA:2,3
DA:9,3
DA:25,3
DA:26,3
LF:5
LH:5
BRF:0
BRH:0
end_of_record
TN:
SF:src\models\post_model.ts
FNF:0
FNH:0
DA:1,3
DA:10,3
DA:11,3
DA:24,3
DA:25,3
LF:5
LH:5
BRF:0
BRH:0
end_of_record
TN:
SF:src\models\user_model.ts
FNF:0
FNH:0
DA:1,3
DA:2,3
DA:9,3
DA:23,3
DA:24,3
LF:5
LH:5
BRF:0
BRH:0
end_of_record
TN:
SF:src\routes\auth_routes.ts
FNF:0
FNH:0
DA:1,3
DA:2,3
DA:4,3
DA:69,3
DA:112,3
DA:138,3
DA:178,3
DA:180,3
LF:8
LH:8
BRF:0
BRH:0
end_of_record
TN:
SF:src\routes\comment_routes.ts
FN:47,(anonymous_1)
FN:87,(anonymous_2)
FN:203,(anonymous_3)
FNF:3
FNH:3
FNDA:3,(anonymous_1)
FNDA:2,(anonymous_2)
FNDA:1,(anonymous_3)
DA:1,3
DA:2,3
DA:3,3
DA:4,3
DA:47,3
DA:48,3
DA:87,3
DA:88,2
DA:147,3
DA:203,3
DA:204,1
DA:228,3
DA:230,3
LF:13
LH:13
BRF:0
BRH:0
end_of_record
TN:
SF:src\routes\post_routes.ts
FN:47,(anonymous_1)
FN:87,(anonymous_2)
FN:202,(anonymous_3)
FNF:3
FNH:3
FNDA:3,(anonymous_1)
FNDA:3,(anonymous_2)
FNDA:1,(anonymous_3)
DA:1,3
DA:2,3
DA:3,3
DA:4,3
DA:47,3
DA:48,3
DA:87,3
DA:88,3
DA:142,3
DA:202,3
DA:203,1
DA:227,3
DA:229,3
LF:13
LH:13
BRF:0
BRH:0
end_of_record
