TN:
SF:src\server.ts
FN:18,(anonymous_1)
FN:35,(anonymous_2)
FN:54,(anonymous_3)
FN:55,(anonymous_4)
FN:60,(anonymous_5)
FN:62,(anonymous_6)
FNF:6
FNH:5
FNDA:13,(anonymous_1)
FNDA:1,(anonymous_2)
FNDA:1,(anonymous_3)
FNDA:1,(anonymous_4)
FNDA:1,(anonymous_5)
FNDA:0,(anonymous_6)
DA:1,1
DA:2,1
DA:3,1
DA:4,1
DA:5,1
DA:6,1
DA:7,1
DA:8,1
DA:9,1
DA:10,1
DA:11,1
DA:12,1
DA:13,1
DA:16,1
DA:17,1
DA:18,1
DA:19,13
DA:20,13
DA:21,13
DA:22,13
DA:24,1
DA:25,1
DA:26,1
DA:27,1
DA:28,1
DA:29,1
DA:30,1
DA:31,1
DA:33,1
DA:34,1
DA:35,1
DA:36,1
DA:39,1
DA:51,1
DA:52,1
DA:54,1
DA:55,1
DA:56,1
DA:57,0
DA:58,0
DA:60,1
DA:61,1
DA:63,0
DA:69,1
LF:44
LH:41
BRDA:56,0,0,0
BRDA:56,0,1,1
BRF:2
BRH:1
end_of_record
TN:
SF:src\controllers\auth_controller.ts
FN:6,(anonymous_8)
FN:6,(anonymous_9)
FN:30,(anonymous_10)
FN:48,(anonymous_11)
FN:48,(anonymous_12)
FN:88,(anonymous_13)
FN:88,(anonymous_14)
FN:98,(anonymous_15)
FN:98,(anonymous_16)
FN:116,(anonymous_17)
FN:125,(anonymous_18)
FN:125,(anonymous_19)
FN:136,(anonymous_20)
FN:136,(anonymous_21)
FN:161,(anonymous_22)
FN:179,(anonymous_23)
FN:191,(anonymous_24)
FNF:17
FNH:7
FNDA:1,(anonymous_8)
FNDA:1,(anonymous_9)
FNDA:1,(anonymous_10)
FNDA:1,(anonymous_11)
FNDA:1,(anonymous_12)
FNDA:0,(anonymous_13)
FNDA:0,(anonymous_14)
FNDA:0,(anonymous_15)
FNDA:0,(anonymous_16)
FNDA:0,(anonymous_17)
FNDA:0,(anonymous_18)
FNDA:0,(anonymous_19)
FNDA:0,(anonymous_20)
FNDA:0,(anonymous_21)
FNDA:0,(anonymous_22)
FNDA:6,(anonymous_23)
FNDA:5,(anonymous_24)
DA:2,1
DA:3,1
DA:4,1
DA:6,1
DA:7,1
DA:8,1
DA:9,1
DA:10,0
DA:11,0
DA:13,1
DA:14,1
DA:15,0
DA:16,0
DA:18,1
DA:19,1
DA:20,1
DA:21,1
DA:23,1
DA:24,1
DA:26,0
DA:30,1
DA:31,1
DA:32,0
DA:34,1
DA:35,1
DA:40,1
DA:45,1
DA:48,1
DA:49,1
DA:50,1
DA:51,1
DA:52,0
DA:53,0
DA:55,1
DA:56,1
DA:57,1
DA:58,0
DA:59,0
DA:61,1
DA:62,1
DA:63,0
DA:64,0
DA:66,1
DA:67,1
DA:68,1
DA:69,0
DA:70,0
DA:72,1
DA:73,0
DA:75,1
DA:76,1
DA:77,1
DA:84,0
DA:88,1
DA:89,0
DA:90,0
DA:91,0
DA:92,0
DA:94,0
DA:95,0
DA:96,0
DA:98,0
DA:99,0
DA:100,0
DA:101,0
DA:103,0
DA:104,0
DA:105,0
DA:106,0
DA:107,0
DA:108,0
DA:110,0
DA:111,0
DA:112,0
DA:113,0
DA:114,0
DA:116,0
DA:117,0
DA:118,0
DA:120,0
DA:125,1
DA:127,0
DA:128,0
DA:129,0
DA:130,0
DA:132,0
DA:133,0
DA:134,0
DA:136,0
DA:137,0
DA:138,0
DA:139,0
DA:141,0
DA:142,0
DA:143,0
DA:144,0
DA:145,0
DA:146,0
DA:148,0
DA:149,0
DA:150,0
DA:151,0
DA:152,0
DA:154,0
DA:155,0
DA:156,0
DA:157,0
DA:158,0
DA:159,0
DA:161,0
DA:162,0
DA:163,0
DA:164,0
DA:170,0
DA:179,1
DA:180,6
DA:181,6
DA:182,6
DA:183,6
DA:184,1
DA:185,1
DA:187,5
DA:188,0
DA:189,0
DA:191,5
DA:192,5
DA:193,0
DA:194,0
DA:196,5
DA:197,5
DA:198,5
DA:201,0
DA:205,1
LF:133
LH:53
BRDA:9,0,0,0
BRDA:9,1,0,1
BRDA:9,1,1,1
BRDA:14,2,0,0
BRDA:21,3,0,1
BRDA:31,4,0,0
BRDA:51,5,0,0
BRDA:51,6,0,1
BRDA:51,6,1,1
BRDA:57,7,0,0
BRDA:62,8,0,0
BRDA:68,9,0,0
BRDA:72,10,0,0
BRDA:90,11,0,0
BRDA:94,12,0,0
BRDA:99,13,0,0
BRDA:106,14,0,0
BRDA:110,15,0,0
BRDA:110,16,0,0
BRDA:110,16,1,0
BRDA:128,17,0,0
BRDA:132,18,0,0
BRDA:137,19,0,0
BRDA:144,20,0,0
BRDA:148,21,0,0
BRDA:148,22,0,0
BRDA:148,22,1,0
BRDA:155,23,0,0
BRDA:182,24,0,6
BRDA:182,24,1,5
BRDA:183,25,0,1
BRDA:187,26,0,0
BRDA:192,27,0,0
BRF:33
BRH:8
end_of_record
TN:
SF:src\controllers\base_controller.ts
FN:8,(anonymous_7)
FN:11,(anonymous_8)
FN:24,(anonymous_10)
FN:42,(anonymous_12)
FN:57,(anonymous_14)
FN:68,(anonymous_16)
FN:79,(anonymous_18)
FNF:7
FNH:5
FNDA:3,(anonymous_7)
FNDA:3,(anonymous_8)
FNDA:2,(anonymous_10)
FNDA:1,(anonymous_12)
FNDA:1,(anonymous_14)
FNDA:0,(anonymous_16)
FNDA:0,(anonymous_18)
DA:9,3
DA:12,3
DA:13,3
DA:14,3
DA:16,3
DA:17,3
DA:19,0
DA:25,2
DA:26,2
DA:27,2
DA:28,2
DA:29,2
DA:30,1
DA:32,1
DA:35,0
DA:38,0
DA:43,1
DA:44,1
DA:45,1
DA:46,1
DA:47,1
DA:48,1
DA:50,0
DA:53,0
DA:58,1
DA:59,1
DA:61,1
DA:64,0
DA:69,0
DA:70,0
DA:71,0
DA:72,0
DA:74,0
DA:79,1
DA:80,0
DA:82,1
LF:36
LH:24
BRDA:26,0,0,2
BRDA:29,1,0,1
BRDA:29,1,1,1
BRDA:47,2,0,1
BRDA:47,2,1,0
BRF:5
BRH:4
end_of_record
TN:
SF:src\controllers\comment_controller.ts
FN:11,(anonymous_8)
FN:15,(anonymous_9)
FN:45,(anonymous_11)
FNF:3
FNH:3
FNDA:1,(anonymous_8)
FNDA:2,(anonymous_9)
FNDA:1,(anonymous_11)
DA:2,1
DA:5,1
DA:6,1
DA:7,1
DA:12,1
DA:16,2
DA:17,2
DA:18,2
DA:23,2
DA:26,2
DA:29,2
DA:30,2
DA:36,2
DA:38,2
DA:40,0
DA:46,1
DA:47,1
DA:49,1
DA:50,1
DA:51,0
DA:55,1
DA:58,1
DA:64,1
DA:68,0
DA:73,1
LF:25
LH:22
BRDA:29,0,0,2
BRDA:50,1,0,0
BRDA:50,1,1,1
BRF:3
BRH:2
end_of_record
TN:
SF:src\controllers\post_controller.ts
FN:9,(anonymous_8)
FN:13,(anonymous_9)
FN:43,(anonymous_12)
FN:47,(anonymous_14)
FN:47,(anonymous_15)
FN:60,(anonymous_16)
FN:74,(anonymous_18)
FNF:7
FNH:3
FNDA:1,(anonymous_8)
FNDA:1,(anonymous_9)
FNDA:0,(anonymous_12)
FNDA:0,(anonymous_14)
FNDA:0,(anonymous_15)
FNDA:2,(anonymous_16)
FNDA:0,(anonymous_18)
DA:2,1
DA:3,1
DA:4,1
DA:5,1
DA:10,1
DA:14,1
DA:15,1
DA:16,1
DA:20,1
DA:21,1
DA:23,0
DA:44,0
DA:45,0
DA:46,0
DA:47,0
DA:48,0
DA:49,0
DA:54,0
DA:56,0
DA:61,2
DA:62,2
DA:63,2
DA:70,0
DA:75,0
DA:76,0
DA:78,0
DA:79,0
DA:80,0
DA:81,0
DA:85,0
DA:88,0
DA:90,0
DA:92,0
DA:97,1
LF:34
LH:14
BRDA:51,0,0,0
BRDA:51,0,1,0
BRDA:79,1,0,0
BRF:3
BRH:0
end_of_record
TN:
SF:src\controllers\user_controller.ts
FN:13,(anonymous_1)
FNF:1
FNH:1
FNDA:1,(anonymous_1)
DA:2,1
DA:3,1
DA:14,1
DA:18,1
LF:4
LH:4
BRF:0
BRH:0
end_of_record
TN:
SF:src\models\comment_model.ts
FNF:0
FNH:0
DA:1,1
DA:2,1
DA:10,1
DA:27,1
DA:28,1
LF:5
LH:5
BRF:0
BRH:0
end_of_record
TN:
SF:src\models\post_model.ts
FNF:0
FNH:0
DA:1,1
DA:10,1
DA:11,1
DA:31,1
DA:32,1
LF:5
LH:5
BRF:0
BRH:0
end_of_record
TN:
SF:src\models\user_model.ts
FNF:0
FNH:0
DA:1,1
DA:2,1
DA:10,1
DA:27,1
DA:28,1
LF:5
LH:5
BRF:0
BRH:0
end_of_record
TN:
SF:src\routes\auth_routes.ts
FNF:0
FNH:0
DA:1,1
DA:2,1
DA:4,1
DA:69,1
DA:112,1
DA:138,1
DA:178,1
DA:180,1
LF:8
LH:8
BRF:0
BRH:0
end_of_record
TN:
SF:src\routes\comment_routes.ts
FN:47,(anonymous_1)
FN:87,(anonymous_2)
FN:203,(anonymous_3)
FNF:3
FNH:3
FNDA:3,(anonymous_1)
FNDA:2,(anonymous_2)
FNDA:1,(anonymous_3)
DA:1,1
DA:2,1
DA:3,1
DA:4,1
DA:47,1
DA:48,3
DA:87,1
DA:88,2
DA:147,1
DA:203,1
DA:204,1
DA:228,1
DA:230,1
LF:13
LH:13
BRF:0
BRH:0
end_of_record
TN:
SF:src\routes\file_route.ts
FN:11,(anonymous_1)
FN:14,(anonymous_2)
FN:23,(anonymous_3)
FN:31,(anonymous_4)
FN:36,(anonymous_5)
FNF:5
FNH:0
FNDA:0,(anonymous_1)
FNDA:0,(anonymous_2)
FNDA:0,(anonymous_3)
FNDA:0,(anonymous_4)
FNDA:0,(anonymous_5)
DA:1,1
DA:2,1
DA:3,1
DA:4,1
DA:7,1
DA:8,1
DA:10,1
DA:12,0
DA:15,0
DA:19,0
DA:22,1
DA:23,1
DA:24,0
DA:25,0
DA:31,1
DA:32,0
DA:33,0
DA:35,0
DA:36,0
DA:37,0
DA:38,0
DA:40,0
DA:43,0
DA:47,1
LF:24
LH:11
BRDA:24,0,0,0
BRDA:24,0,1,0
BRDA:24,1,0,0
BRDA:24,1,1,0
BRDA:25,2,0,0
BRDA:25,2,1,0
BRDA:25,3,0,0
BRDA:25,3,1,0
BRDA:37,4,0,0
BRF:9
BRH:0
end_of_record
TN:
SF:src\routes\post_routes.ts
FN:51,(anonymous_1)
FN:92,(anonymous_2)
FN:207,(anonymous_3)
FNF:3
FNH:0
FNDA:0,(anonymous_1)
FNDA:0,(anonymous_2)
FNDA:0,(anonymous_3)
DA:1,1
DA:2,1
DA:3,1
DA:4,1
DA:51,1
DA:52,0
DA:92,1
DA:93,0
DA:147,1
DA:207,1
DA:208,0
DA:232,1
DA:236,1
LF:13
LH:10
BRF:0
BRH:0
end_of_record
TN:
SF:src\routes\user_routes.ts
FN:47,(anonymous_1)
FN:87,(anonymous_2)
FN:203,(anonymous_3)
FNF:3
FNH:0
FNDA:0,(anonymous_1)
FNDA:0,(anonymous_2)
FNDA:0,(anonymous_3)
DA:1,1
DA:2,1
DA:3,1
DA:4,1
DA:47,1
DA:48,0
DA:87,1
DA:88,0
DA:147,1
DA:203,1
DA:204,0
DA:228,1
DA:230,1
LF:13
LH:10
BRF:0
BRH:0
end_of_record
